[2021-01-30 09:03:12.044] [exthost] [info] extension host started
[2021-01-30 09:03:12.079] [exthost] [info] ExtensionService#_doActivateExtension vscode.emmet {"startup":false,"extensionId":{"value":"vscode.emmet","_lower":"vscode.emmet"},"activationEvent":"onLanguage:html"}
[2021-01-30 09:03:12.079] [exthost] [info] ExtensionService#loadCommonJSModule file:///usr/lib/code/extensions/emmet/dist/node/emmetNodeMain
[2021-01-30 09:03:12.207] [exthost] [info] ExtensionService#_doActivateExtension vscode.html-language-features {"startup":false,"extensionId":{"value":"vscode.html-language-features","_lower":"vscode.html-language-features"},"activationEvent":"onLanguage:html"}
[2021-01-30 09:03:12.207] [exthost] [info] ExtensionService#loadCommonJSModule file:///usr/lib/code/extensions/html-language-features/client/dist/node/htmlClientMain
[2021-01-30 09:03:12.345] [exthost] [info] ExtensionService#_doActivateExtension vscode.debug-auto-launch {"startup":true,"extensionId":{"value":"vscode.debug-auto-launch","_lower":"vscode.debug-auto-launch"},"activationEvent":"*"}
[2021-01-30 09:03:12.346] [exthost] [info] ExtensionService#loadCommonJSModule file:///usr/lib/code/extensions/debug-auto-launch/dist/extension
[2021-01-30 09:03:12.436] [exthost] [info] ExtensionService#_doActivateExtension vscode.git {"startup":true,"extensionId":{"value":"vscode.github","_lower":"vscode.github"},"activationEvent":"*"}
[2021-01-30 09:03:12.437] [exthost] [info] ExtensionService#loadCommonJSModule file:///usr/lib/code/extensions/git/dist/main
[2021-01-30 09:03:12.620] [exthost] [info] ExtensionService#_doActivateExtension vscode.merge-conflict {"startup":true,"extensionId":{"value":"vscode.merge-conflict","_lower":"vscode.merge-conflict"},"activationEvent":"*"}
[2021-01-30 09:03:12.620] [exthost] [info] ExtensionService#loadCommonJSModule file:///usr/lib/code/extensions/merge-conflict/dist/mergeConflictMain
[2021-01-30 09:03:12.757] [exthost] [info] ExtensionService#_doActivateExtension vscode.search-result {"startup":true,"extensionId":{"value":"vscode.search-result","_lower":"vscode.search-result"},"activationEvent":"*"}
[2021-01-30 09:03:12.757] [exthost] [info] ExtensionService#loadCommonJSModule file:///usr/lib/code/extensions/search-result/dist/extension.js
[2021-01-30 09:03:12.802] [exthost] [info] ExtensionService#_doActivateExtension CoenraadS.bracket-pair-colorizer-2 {"startup":true,"extensionId":{"value":"CoenraadS.bracket-pair-colorizer-2","_lower":"coenraads.bracket-pair-colorizer-2"},"activationEvent":"*"}
[2021-01-30 09:03:12.802] [exthost] [info] ExtensionService#loadCommonJSModule file:///home/prathamesh/.vscode-oss/extensions/coenraads.bracket-pair-colorizer-2-0.2.0/out/src/extension
[2021-01-30 09:03:13.353] [exthost] [info] ExtensionService#_doActivateExtension cweijan.vscode-mysql-client2 {"startup":true,"extensionId":{"value":"cweijan.vscode-mysql-client2","_lower":"cweijan.vscode-mysql-client2"},"activationEvent":"*"}
[2021-01-30 09:03:13.353] [exthost] [info] ExtensionService#loadCommonJSModule file:///home/prathamesh/.vscode-oss/extensions/cweijan.vscode-mysql-client2-3.2.5/out/extension
[2021-01-30 09:03:13.917] [exthost] [info] ExtensionService#_doActivateExtension PKief.material-icon-theme {"startup":true,"extensionId":{"value":"PKief.material-icon-theme","_lower":"pkief.material-icon-theme"},"activationEvent":"*"}
[2021-01-30 09:03:13.917] [exthost] [info] ExtensionService#loadCommonJSModule file:///home/prathamesh/.vscode-oss/extensions/pkief.material-icon-theme-4.5.0/dist/extension
[2021-01-30 09:03:13.965] [exthost] [info] ExtensionService#_doActivateExtension ritwickdey.LiveServer {"startup":true,"extensionId":{"value":"ritwickdey.LiveServer","_lower":"ritwickdey.liveserver"},"activationEvent":"*"}
[2021-01-30 09:03:13.965] [exthost] [info] ExtensionService#loadCommonJSModule file:///home/prathamesh/.vscode-oss/extensions/ritwickdey.liveserver-5.6.1/out/src/extension
[2021-01-30 09:03:20.396] [exthost] [info] ExtensionService#_doActivateExtension vadimcn.vscode-lldb {"startup":true,"extensionId":{"value":"vadimcn.vscode-lldb","_lower":"vadimcn.vscode-lldb"},"activationEvent":"*"}
[2021-01-30 09:03:20.396] [exthost] [info] ExtensionService#loadCommonJSModule file:///home/prathamesh/.vscode-oss/extensions/vadimcn.vscode-lldb-1.6.0/extension.js
[2021-01-30 09:03:20.479] [exthost] [info] ExtensionService#_doActivateExtension vscode-icons-team.vscode-icons {"startup":true,"extensionId":{"value":"vscode-icons-team.vscode-icons","_lower":"vscode-icons-team.vscode-icons"},"activationEvent":"*"}
[2021-01-30 09:03:20.479] [exthost] [info] ExtensionService#loadCommonJSModule file:///home/prathamesh/.vscode-oss/extensions/vscode-icons-team.vscode-icons-11.1.0/dist/src/vscode-icons.bundle.js
[2021-01-30 09:03:20.861] [exthost] [info] ExtensionService#_doActivateExtension Dart-Code.dart-code {"startup":true,"extensionId":{"value":"Dart-Code.dart-code","_lower":"dart-code.dart-code"},"activationEvent":"workspaceContainsTimeout:**/pubspec.yaml,**/*.dart"}
[2021-01-30 09:03:20.861] [exthost] [info] ExtensionService#loadCommonJSModule file:///home/prathamesh/.vscode-oss/extensions/dart-code.dart-code-3.19.0/out/dist/extension
[2021-01-30 09:03:21.006] [exthost] [info] ExtensionService#_doActivateExtension vscjava.vscode-maven {"startup":true,"extensionId":{"value":"vscjava.vscode-maven","_lower":"vscjava.vscode-maven"},"activationEvent":"workspaceContainsTimeout:**/pom.xml"}
[2021-01-30 09:03:21.006] [exthost] [info] ExtensionService#loadCommonJSModule file:///home/prathamesh/.vscode-oss/extensions/vscjava.vscode-maven-0.25.0/dist/extension
[2021-01-30 09:03:21.128] [exthost] [info] ExtensionService#_doActivateExtension vscode.typescript-language-features {"startup":false,"extensionId":{"value":"vscode.typescript-language-features","_lower":"vscode.typescript-language-features"},"activationEvent":"onLanguage:javascript"}
[2021-01-30 09:03:21.128] [exthost] [info] ExtensionService#loadCommonJSModule file:///usr/lib/code/extensions/typescript-language-features/dist/extension
[2021-01-30 09:03:21.348] [exthost] [info] ExtensionService#_doActivateExtension VisualStudioExptTeam.vscodeintellicode {"startup":false,"extensionId":{"value":"VisualStudioExptTeam.vscodeintellicode","_lower":"visualstudioexptteam.vscodeintellicode"},"activationEvent":"onLanguage:javascript"}
[2021-01-30 09:03:21.348] [exthost] [info] ExtensionService#loadCommonJSModule file:///home/prathamesh/.vscode-oss/extensions/visualstudioexptteam.vscodeintellicode-1.2.10/dist/intellicode
[2021-01-30 09:03:22.200] [exthost] [info] ExtensionService#_doActivateExtension ms-vscode.js-debug {"startup":false,"extensionId":{"value":"ms-vscode.js-debug","_lower":"ms-vscode.js-debug"},"activationEvent":"onCommand:extension.js-debug.clearAutoAttachVariables"}
[2021-01-30 09:03:22.200] [exthost] [info] ExtensionService#loadCommonJSModule file:///usr/lib/code/extensions/ms-vscode.js-debug/src/extension.js
[2021-01-30 09:03:22.575] [exthost] [info] ExtensionService#_doActivateExtension vscode.github {"startup":false,"extensionId":{"value":"vscode.github","_lower":"vscode.github"},"activationEvent":"*"}
[2021-01-30 09:03:22.575] [exthost] [info] ExtensionService#loadCommonJSModule file:///usr/lib/code/extensions/github/dist/extension.js
[2021-01-30 09:03:22.630] [exthost] [info] ExtensionService#_doActivateExtension esbenp.prettier-vscode {"startup":false,"extensionId":{"value":"esbenp.prettier-vscode","_lower":"esbenp.prettier-vscode"},"activationEvent":"onStartupFinished"}
[2021-01-30 09:03:22.630] [exthost] [info] ExtensionService#loadCommonJSModule file:///home/prathamesh/.vscode-oss/extensions/esbenp.prettier-vscode-5.8.0/dist/extension
[2021-01-30 09:03:39.331] [exthost] [info] eager extensions activated
[2021-01-30 09:52:58.211] [exthost] [info] ExtensionService#_doActivateExtension redhat.vscode-xml {"startup":false,"extensionId":{"value":"redhat.vscode-xml","_lower":"redhat.vscode-xml"},"activationEvent":"onLanguage:xml"}
[2021-01-30 09:52:58.212] [exthost] [info] ExtensionService#loadCommonJSModule file:///home/prathamesh/.vscode-oss/extensions/redhat.vscode-xml-0.14.0/dist/extension
[2021-01-30 09:53:01.286] [exthost] [warning] [redhat.vscode-xml] Accessing a resource scoped configuration without providing a resource is not expected. To get the effective value for '[xml]', provide the URI of a resource or 'null' for any resource.
