Looking for git in: git
Using git 2.30.0 from git
> git rev-parse --git-dir
Open repository: /home/prathamesh/www/WTL_Group_Activity
> git status -z -u
> git symbolic-ref --short HEAD
> git rev-parse prathamesh
> git rev-parse --symbolic-full-name prathamesh@{u}
> git rev-list --left-right prathamesh...refs/remotes/origin/prathamesh
> git for-each-ref --sort -committerdate --format %(refname) %(objectname) %(*objectname)
> git remote --verbose
> git check-ignore -v -z --stdin
> git config --get commit.template
> git show --textconv :Files/Order/order.php
> git show --textconv :Files/Order/cart.php
> git ls-files --stage -- /home/prathamesh/www/WTL_Group_Activity/Files/Order/order.php
> git ls-files --stage -- /home/prathamesh/www/WTL_Group_Activity/Files/Order/cart.php
> git cat-file -s 4c26765b4f95d12412a8785f4a7ff00b2d5d1596
> git cat-file -s 94964241e07fb37825879244ccbfe3ffa7985038
> git check-ignore -v -z --stdin
> git status -z -u
> git ls-files --stage -- /home/prathamesh/www/WTL_Group_Activity/Files/Order/order.php
> git ls-files --stage -- /home/prathamesh/www/WTL_Group_Activity/Files/Order/cart.php
> git symbolic-ref --short HEAD
> git cat-file -s 2ad37b20d2d9a682f3f98a1b875b9783bbe22d09
> git rev-parse Srijan
> git cat-file -s 94964241e07fb37825879244ccbfe3ffa7985038
> git rev-parse --symbolic-full-name Srijan@{u}
> git rev-list --left-right Srijan...refs/remotes/origin/Srijan
> git show --textconv :Files/Order/order.php
> git for-each-ref --sort -committerdate --format %(refname) %(objectname) %(*objectname)
> git remote --verbose
> git show --textconv :Files/Order/cart.php
> git config --get commit.template
> git check-ignore -v -z --stdin
> git status -z -u
> git symbolic-ref --short HEAD
> git rev-parse Srijan
> git rev-parse --symbolic-full-name Srijan@{u}
> git rev-list --left-right Srijan...refs/remotes/origin/Srijan
> git for-each-ref --sort -committerdate --format %(refname) %(objectname) %(*objectname)
> git remote --verbose
> git config --get commit.template
> git show --textconv :Database/order_final.sql
> git ls-files --stage -- /home/prathamesh/www/WTL_Group_Activity/Database/order_final.sql
> git cat-file -s bbe92ceefe9a01d970b6fb0f04b3e6c40ee2653a
> git show --textconv :Files/account/view_order.php
> git ls-files --stage -- /home/prathamesh/www/WTL_Group_Activity/Files/account/view_order.php
> git cat-file -s 8aea5336ce8679ae49249355bf20124a2ac57aa2
