2021-01-06T05:23:06.772Z - info: [ui] [AppStore] loading 0 repositories from store
2021-01-06T05:23:06.788Z - info: [ui] [Welcome] no sign in step found. ignoring...
2021-01-06T05:23:06.881Z - info: [ui] [Welcome] no sign in step found. ignoring...
2021-01-06T05:23:06.899Z - info: [ui] [Welcome] no sign in step found. ignoring...
2021-01-06T05:23:06.917Z - info: [ui] launching: 2.5.7-linux1 (Linux 5.10.3-arch1-1)
2021-01-06T05:23:06.919Z - info: [ui] execPath: '/opt/github-desktop/github-desktop'
2021-01-06T05:23:06.924Z - info: [ui] [Welcome] no sign in step found. ignoring...
2021-01-06T05:23:07.984Z - info: [ui] Opt in reported.
2021-01-06T05:23:08.857Z - info: [ui] [Welcome] no sign in step found. ignoring...
2021-01-06T05:23:11.402Z - info: [ui] [Welcome] no sign in step found. ignoring...
2021-01-06T05:23:12.503Z - info: [ui] [Welcome] no sign in step found. ignoring...
2021-01-06T05:23:15.418Z - info: [ui] [Welcome] advancing to step: SignInToDotComWithBrowser
2021-01-06T05:23:15.420Z - info: [ui] [SignInStore] initializing OAuth flow
2021-01-06T05:23:15.422Z - info: [main] opening in browser: https://github.com/login/oauth/authorize?client_id=3a723b10ac5575cc5bb9&scope=repo%20user%20workflow&state=0d55f556-9e1e-40fb-a2ce-89c6a20203f0
2021-01-06T05:23:15.423Z - info: [ui] [Welcome] current sign in state not found. ignoring...
2021-01-06T05:23:15.447Z - info: [ui] [Welcome] kind Authentication is the same as Authentication. ignoring...
2021-01-06T05:23:21.830Z - info: [ui] [Welcome] kind Authentication is the same as Authentication. ignoring...
2021-01-06T05:23:42.729Z - info: [main] Received possible protocol arguments: 2
2021-01-06T05:23:42.729Z - info: [main] Processing protocol url
2021-01-06T05:23:42.738Z - info: [ui] [Dispatcher] requesting authenticated user
2021-01-06T05:23:42.744Z - info: [ui] [Welcome] kind Authentication is the same as Authentication. ignoring...
2021-01-06T05:23:44.137Z - info: [ui] [SignInStore] account resolved
2021-01-06T05:23:44.138Z - info: [ui] [AppStore] adding account prathamesh610 (Prathamesh Jadhav) to store
2021-01-06T05:23:44.145Z - info: [ui] [Welcome] advancing to step: ConfigureGit
2021-01-06T05:23:44.213Z - info: [ui] [Welcome] no sign in step found. ignoring...
2021-01-06T05:23:51.064Z - info: [ui] [Welcome] no sign in step found. ignoring...
2021-01-06T05:23:51.527Z - info: [ui] [Welcome] no sign in step found. ignoring...
2021-01-06T05:24:10.726Z - info: [ui] [Welcome] no sign in step found. ignoring...
2021-01-06T05:24:10.743Z - info: [ui] [Welcome] no sign in step found. ignoring...
2021-01-06T05:24:17.330Z - info: [ui] [Welcome] advancing to step: UsageOptOut
2021-01-06T05:24:21.849Z - info: [ui] Opt out reported.
2021-01-06T05:25:09.155Z - info: [ui] [AppStore] adding repository at /home/prathamesh/www/WTL_Group_Activity to store
2021-01-06T05:25:11.381Z - info: [ui] [BranchPruner] No branches to prune.
2021-01-06T05:25:18.373Z - info: [ui] [AppStore.withAuthenticatingUser] account found for repository: WTL_Group_Activity - prathamesh610 (has token)
2021-01-06T05:25:21.945Z - info: [ui] Executing fetch: git -c credential.helper= -c protocol.version=2 fetch --progress --prune origin (took 3.540s)
2021-01-06T05:25:21.946Z - info: [ui] [RepositoryIndicatorUpdater]: Refreshing sidebar indicators for 1 repositories took 3.6s of which 0.0s paused, total 3.6s
2021-01-06T05:25:30.170Z - info: [ui] [AppStore.withAuthenticatingUser] account found for repository: WTL_Group_Activity - prathamesh610 (has token)
2021-01-06T05:25:35.582Z - info: [ui] Executing push: git -c credential.helper= -c protocol.version=2 push origin prathamesh --set-upstream --progress (took 5.357s)
2021-01-06T05:25:38.847Z - info: [ui] Executing fetch: git -c credential.helper= -c protocol.version=2 fetch --progress --prune origin (took 3.224s)
2021-01-06T05:25:53.288Z - info: [ui] [BranchPruner] Last prune took place in a day - skipping
2021-01-06T05:31:16.921Z - warn: [ui] getFetchPollInterval: failed for srijan2111/WTL_Group_Activity
TypeError: Failed to fetch
2021-01-06T06:40:09.952Z - info: [ui] [RepositoryIndicatorUpdater]: Refreshing sidebar indicators for 1 repositories took 1.2s of which 13.8s paused, total 15.1s
2021-01-06T07:59:13.804Z - warn: [ui] fetchRepository: an error occurred for 'srijan2111/WTL_Group_Activity'
TypeError: Failed to fetch
2021-01-06T07:59:13.843Z - warn: [ui] fetchRepository: an error occurred for 'srijan2111/WTL_Group_Activity'
TypeError: Failed to fetch
2021-01-06T07:59:13.844Z - warn: [ui] failed fetching open PRs for repository srijan2111/WTL_Group_Activity
TypeError: Failed to fetch
2021-01-06T07:59:13.844Z - error: [ui] Error refreshing pull requests for 'srijan2111/WTL_Group_Activity'
TypeError: Failed to fetch
2021-01-06T07:59:13.844Z - info: [ui] [AppStore.withAuthenticatingUser] account found for repository: WTL_Group_Activity - prathamesh610 (has token)
2021-01-06T07:59:13.891Z - error: [ui] `git -c credential.helper= -c protocol.version=2 fetch --progress --prune origin` exited with an unexpected code: 128.
stderr:
fatal: unable to access 'https://github.com/srijan2111/WTL_Group_Activity.git/': Could not resolve host: github.com

2021-01-06T07:59:13.903Z - info: [ui] [RepositoryIndicatorUpdater]: Refreshing sidebar indicators for 1 repositories took 0.2s of which 0.0s paused, total 0.2s
2021-01-06T07:59:40.070Z - info: [ui] Executing fetch: git -c credential.helper= -c protocol.version=2 fetch --progress --prune origin (took 2.817s)
2021-01-06T20:29:46.804Z - info: [ui] [AppStore] loading 1 repositories from store
2021-01-06T20:29:46.805Z - info: [ui] [AppStore] found account: prathamesh610 (Prathamesh Jadhav)
2021-01-06T20:29:47.170Z - info: [ui] [fetchProtectedBranches] unable to list protected branches
TypeError: Failed to fetch
2021-01-06T20:29:47.171Z - warn: [ui] fetchAccount: failed with endpoint https://api.github.com
TypeError: Failed to fetch
2021-01-06T20:29:47.171Z - warn: [ui] fetchUser: failed with endpoint https://api.github.com
TypeError: Failed to fetch
2021-01-06T20:29:47.171Z - warn: [ui] Error refreshing account 'prathamesh610'
TypeError: Failed to fetch
2021-01-06T20:29:47.572Z - warn: [ui] fetchIssues: failed for repository srijan2111/WTL_Group_Activity
TypeError: Failed to fetch
2021-01-06T20:29:47.572Z - warn: [ui] Unable to fetch issues for srijan2111/WTL_Group_Activity
TypeError: Failed to fetch
2021-01-06T20:29:47.582Z - info: [ui] launching: 2.5.7-linux1 (Linux 5.10.3-arch1-1)
2021-01-06T20:29:47.582Z - info: [ui] execPath: '/opt/github-desktop/github-desktop'
2021-01-06T20:29:47.974Z - info: [ui] [BranchPruner] No branches to prune.
2021-01-06T20:30:08.327Z - info: [ui] Executing fetch: git -c credential.helper= -c protocol.version=2 fetch --progress --prune origin (took 4.262s)
2021-01-06T20:31:30.193Z - info: [ui] [AppStore.withAuthenticatingUser] account found for repository: WTL_Group_Activity - prathamesh610 (has token)
2021-01-06T20:31:30.336Z - info: [ui] [Timing] Action 'checkout branch from list' for 'srijan2111/WTL_Group_Activity' took 0.139s
2021-01-06T20:31:46.460Z - info: [ui] [RepositoryIndicatorUpdater]: Refreshing sidebar indicators for 1 repositories took 0.8s of which 0.0s paused, total 0.8s
2021-01-06T20:31:58.296Z - info: [ui] [AppStore.withAuthenticatingUser] account found for repository: WTL_Group_Activity - prathamesh610 (has token)
2021-01-06T20:31:58.507Z - info: [ui] [Timing] Action 'checkout branch from list' for 'srijan2111/WTL_Group_Activity' took 0.204s
2021-01-06T20:46:17.496Z - info: [ui] [AppStore.withAuthenticatingUser] account found for repository: WTL_Group_Activity - prathamesh610 (has token)
2021-01-06T20:46:19.527Z - info: [ui] Executing push: git -c credential.helper= -c protocol.version=2 push origin main:main --progress (took 2.005s)
2021-01-06T20:46:19.533Z - error: [ui] `git -c credential.helper= -c protocol.version=2 push origin main:main --progress` exited with an unexpected code: 1.
stderr:
To https://github.com/srijan2111/WTL_Group_Activity.git
 ! [rejected]        main -> main (fetch first)
error: failed to push some refs to 'https://github.com/srijan2111/WTL_Group_Activity.git'
hint: Updates were rejected because the remote contains work that you do
hint: not have locally. This is usually caused by another repository pushing
hint: to the same ref. You may want to first integrate the remote changes
hint: (e.g., 'git pull ...') before pushing again.
hint: See the 'Note about fast-forwards' in 'git push --help' for details.

(The error was parsed as 10: The repository has been updated since you last pulled. Try pulling before pushing.)
2021-01-06T20:46:23.052Z - info: [ui] [AppStore.withAuthenticatingUser] account found for repository: WTL_Group_Activity - prathamesh610 (has token)
2021-01-06T20:46:27.467Z - info: [ui] Executing fetch: git -c credential.helper= -c protocol.version=2 fetch --progress --prune origin (took 4.363s)
2021-01-06T20:46:32.724Z - info: [ui] [AppStore.withAuthenticatingUser] account found for repository: WTL_Group_Activity - prathamesh610 (has token)
2021-01-06T20:46:36.506Z - info: [ui] Executing pull: git -c credential.helper= -c protocol.version=2 -c rebase.backend=merge pull --progress origin (took 3.738s)
2021-01-06T20:46:39.406Z - info: [ui] [AppStore.withAuthenticatingUser] account found for repository: WTL_Group_Activity - prathamesh610 (has token)
2021-01-06T20:46:44.907Z - info: [ui] Executing push: git -c credential.helper= -c protocol.version=2 push origin main:main --progress (took 5.461s)
2021-01-06T20:46:47.737Z - info: [ui] Executing fetch: git -c credential.helper= -c protocol.version=2 fetch --progress --prune origin (took 2.803s)
2021-01-06T20:46:49.282Z - info: [ui] [RepositoryIndicatorUpdater]: Refreshing sidebar indicators for 1 repositories took 0.4s of which 0.0s paused, total 0.4s
