Looking for git in: git
Using git 2.30.0 from git
> git rev-parse --git-dir
Open repository: /home/prathamesh/www/WTL_Group_Activity
> git status -z -u
> git symbolic-ref --short HEAD
> git rev-parse prathamesh
> git rev-parse --symbolic-full-name prathamesh@{u}
> git rev-list --left-right prathamesh...refs/remotes/origin/prathamesh
> git for-each-ref --sort -committerdate --format %(refname) %(objectname) %(*objectname)
> git remote --verbose
> git check-ignore -v -z --stdin
> git config --get commit.template
> git show --textconv :Files/details/prod_detail.css
> git show --textconv :Files/Order/order.php
> git ls-files --stage -- /home/prathamesh/www/WTL_Group_Activity/Files/details/prod_detail.css
> git ls-files --stage -- /home/prathamesh/www/WTL_Group_Activity/Files/Order/order.php
> git cat-file -s 519b69f9da14ac7d94a8664235fe847984fabc37
> git cat-file -s 4bd34a29c342a9b846ee554645c3be1e89db323f
> git show --textconv :Files/details/addToCart.php
> git ls-files --stage -- /home/prathamesh/www/WTL_Group_Activity/Files/details/addToCart.php
> git status -z -u
> git symbolic-ref --short HEAD
> git rev-parse prathamesh
> git rev-parse --symbolic-full-name prathamesh@{u}
> git rev-list --left-right prathamesh...refs/remotes/origin/prathamesh
> git for-each-ref --sort -committerdate --format %(refname) %(objectname) %(*objectname)
> git remote --verbose
> git config --get commit.template
> git show --textconv :Files/account/profile.php
> git ls-files --stage -- /home/prathamesh/www/WTL_Group_Activity/Files/account/profile.php
> git log --format=%H%n%aN%n%aE%n%at%n%ct%n%P%n%B -z -n21 -- /home/prathamesh/www/WTL_Group_Activity/Files/account/profile.php
> git cat-file -s 2876b02d7cc7fd8a8c4bdcdf5e0561889da30b76
> git status -z -u
> git symbolic-ref --short HEAD
> git rev-parse prathamesh
> git rev-parse --symbolic-full-name prathamesh@{u}
> git rev-list --left-right prathamesh...refs/remotes/origin/prathamesh
> git for-each-ref --sort -committerdate --format %(refname) %(objectname) %(*objectname)
> git remote --verbose
> git config --get commit.template
> git status -z -u
> git symbolic-ref --short HEAD
> git rev-parse prathamesh
> git rev-parse --symbolic-full-name prathamesh@{u}
> git rev-list --left-right prathamesh...refs/remotes/origin/prathamesh
> git for-each-ref --sort -committerdate --format %(refname) %(objectname) %(*objectname)
> git remote --verbose
> git config --get commit.template
> git log --format=%H%n%aN%n%aE%n%at%n%ct%n%P%n%B -z -n21 -- /home/prathamesh/www/WTL_Group_Activity/Files/details/prod_detail.php
> git show --textconv :Files/details/prod_detail.php
> git ls-files --stage -- /home/prathamesh/www/WTL_Group_Activity/Files/details/prod_detail.php
> git cat-file -s 489970c7484d0df2ddf8209cb4a2d5e0507076b3
> git show --textconv :Files/Order/cart.php
> git ls-files --stage -- /home/prathamesh/www/WTL_Group_Activity/Files/Order/cart.php
> git cat-file -s 6ada722d1e7b69bd9e481076813a32f09891b121
> git status -z -u
> git symbolic-ref --short HEAD
> git rev-parse prathamesh
> git rev-parse --symbolic-full-name prathamesh@{u}
> git rev-list --left-right prathamesh...refs/remotes/origin/prathamesh
> git for-each-ref --sort -committerdate --format %(refname) %(objectname) %(*objectname)
> git remote --verbose
> git config --get commit.template
> git show --textconv :Files/details/prod_detail.php
> git ls-files --stage -- /home/prathamesh/www/WTL_Group_Activity/Files/details/prod_detail.php
> git cat-file -s 489970c7484d0df2ddf8209cb4a2d5e0507076b3
> git show --textconv :Files/Order/cart.php
> git ls-files --stage -- /home/prathamesh/www/WTL_Group_Activity/Files/Order/cart.php
> git cat-file -s 6ada722d1e7b69bd9e481076813a32f09891b121
> git status -z -u
> git symbolic-ref --short HEAD
> git rev-parse prathamesh
> git rev-parse --symbolic-full-name prathamesh@{u}
> git rev-list --left-right prathamesh...refs/remotes/origin/prathamesh
> git for-each-ref --sort -committerdate --format %(refname) %(objectname) %(*objectname)
> git remote --verbose
> git config --get commit.template
> git status -z -u
> git symbolic-ref --short HEAD
> git rev-parse prathamesh
> git rev-parse --symbolic-full-name prathamesh@{u}
> git rev-list --left-right prathamesh...refs/remotes/origin/prathamesh
> git for-each-ref --sort -committerdate --format %(refname) %(objectname) %(*objectname)
> git remote --verbose
> git config --get commit.template
> git status -z -u
> git symbolic-ref --short HEAD
> git rev-parse prathamesh
> git rev-parse --symbolic-full-name prathamesh@{u}
> git rev-list --left-right prathamesh...refs/remotes/origin/prathamesh
> git for-each-ref --sort -committerdate --format %(refname) %(objectname) %(*objectname)
> git remote --verbose
> git config --get commit.template
> git status -z -u
> git symbolic-ref --short HEAD
> git rev-parse prathamesh
> git rev-parse --symbolic-full-name prathamesh@{u}
> git rev-list --left-right prathamesh...refs/remotes/origin/prathamesh
> git for-each-ref --sort -committerdate --format %(refname) %(objectname) %(*objectname)
> git remote --verbose
> git config --get commit.template
> git status -z -u
> git symbolic-ref --short HEAD
> git rev-parse prathamesh
> git rev-parse --symbolic-full-name prathamesh@{u}
> git rev-list --left-right prathamesh...refs/remotes/origin/prathamesh
> git for-each-ref --sort -committerdate --format %(refname) %(objectname) %(*objectname)
> git remote --verbose
> git config --get commit.template
> git show --textconv :Files/Order/order_cnf.php
> git ls-files --stage -- /home/prathamesh/www/WTL_Group_Activity/Files/Order/order_cnf.php
> git cat-file -s ccc61af80e2afae93d9cab1dc4989f53bdb7d06c
> git status -z -u
> git symbolic-ref --short HEAD
> git rev-parse prathamesh
> git rev-parse --symbolic-full-name prathamesh@{u}
> git rev-list --left-right prathamesh...refs/remotes/origin/prathamesh
> git for-each-ref --sort -committerdate --format %(refname) %(objectname) %(*objectname)
> git remote --verbose
> git config --get commit.template
> git show --textconv :Files/Order/order.php
> git ls-files --stage -- /home/prathamesh/www/WTL_Group_Activity/Files/Order/order.php
> git cat-file -s 4bd34a29c342a9b846ee554645c3be1e89db323f
> git status -z -u
> git symbolic-ref --short HEAD
> git rev-parse prathamesh
> git rev-parse --symbolic-full-name prathamesh@{u}
> git rev-list --left-right prathamesh...refs/remotes/origin/prathamesh
> git for-each-ref --sort -committerdate --format %(refname) %(objectname) %(*objectname)
> git remote --verbose
> git config --get commit.template
> git status -z -u
> git symbolic-ref --short HEAD
> git ls-files --stage -- /home/prathamesh/www/WTL_Group_Activity/Files/Order/cart.php
> git ls-files --stage -- /home/prathamesh/www/WTL_Group_Activity/Files/Order/order.php
> git cat-file -s 94964241e07fb37825879244ccbfe3ffa7985038
> git rev-parse prathamesh
> git cat-file -s 4c26765b4f95d12412a8785f4a7ff00b2d5d1596
> git rev-parse --symbolic-full-name prathamesh@{u}
> git show --textconv :Files/Order/cart.php
> git rev-list --left-right prathamesh...refs/remotes/origin/prathamesh
> git show --textconv :Files/Order/order.php
> git for-each-ref --sort -committerdate --format %(refname) %(objectname) %(*objectname)
> git remote --verbose
> git config --get commit.template
> git status -z -u
> git symbolic-ref --short HEAD
> git rev-parse prathamesh
> git rev-parse --symbolic-full-name prathamesh@{u}
> git rev-list --left-right prathamesh...refs/remotes/origin/prathamesh
> git for-each-ref --sort -committerdate --format %(refname) %(objectname) %(*objectname)
> git remote --verbose
> git config --get commit.template
> git show --textconv :Files/Order/order.php
> git ls-files --stage -- /home/prathamesh/www/WTL_Group_Activity/Files/Order/order.php
> git cat-file -s 4c26765b4f95d12412a8785f4a7ff00b2d5d1596
> git pull --tags origin prathamesh
> git ls-files --stage -- /home/prathamesh/www/WTL_Group_Activity/Files/Order/cart.php
> git ls-files --stage -- /home/prathamesh/www/WTL_Group_Activity/Files/Order/order.php
> git cat-file -s 94964241e07fb37825879244ccbfe3ffa7985038
> git cat-file -s 4c26765b4f95d12412a8785f4a7ff00b2d5d1596
> git show --textconv :Files/Order/cart.php
> git show --textconv :Files/Order/order.php
ssh_askpass: exec(/usr/lib/ssh/ssh-askpass): No such file or directory
git@github.com: Permission denied (publickey).
fatal: Could not read from remote repository.

Please make sure you have the correct access rights
and the repository exists.
> git status -z -u
> git symbolic-ref --short HEAD
> git ls-files --stage -- /home/prathamesh/www/WTL_Group_Activity/Files/Order/cart.php
> git ls-files --stage -- /home/prathamesh/www/WTL_Group_Activity/Files/Order/order.php
> git cat-file -s 94964241e07fb37825879244ccbfe3ffa7985038
> git rev-parse prathamesh
> git cat-file -s 4c26765b4f95d12412a8785f4a7ff00b2d5d1596
> git rev-parse --symbolic-full-name prathamesh@{u}
> git show --textconv :Files/Order/cart.php
> git rev-list --left-right prathamesh...refs/remotes/origin/prathamesh
> git show --textconv :Files/Order/order.php
> git for-each-ref --sort -committerdate --format %(refname) %(objectname) %(*objectname)
> git remote --verbose
> git config --get commit.template
