[2021-01-31 10:17:24.436] [exthost] [info] extension host started
[2021-01-31 10:17:24.516] [exthost] [info] ExtensionService#_doActivateExtension vscode.php-language-features {"startup":false,"extensionId":{"value":"vscode.php-language-features","_lower":"vscode.php-language-features"},"activationEvent":"onLanguage:php"}
[2021-01-31 10:17:24.517] [exthost] [info] ExtensionService#loadCommonJSModule file:///usr/lib/code/extensions/php-language-features/dist/phpMain
[2021-01-31 10:17:24.558] [exthost] [info] ExtensionService#_doActivateExtension vscode.debug-auto-launch {"startup":true,"extensionId":{"value":"vscode.debug-auto-launch","_lower":"vscode.debug-auto-launch"},"activationEvent":"*"}
[2021-01-31 10:17:24.559] [exthost] [info] ExtensionService#loadCommonJSModule file:///usr/lib/code/extensions/debug-auto-launch/dist/extension
[2021-01-31 10:17:24.651] [exthost] [info] ExtensionService#_doActivateExtension vscode.emmet {"startup":true,"extensionId":{"value":"vscode.emmet","_lower":"vscode.emmet"},"activationEvent":"*"}
[2021-01-31 10:17:24.651] [exthost] [info] ExtensionService#loadCommonJSModule file:///usr/lib/code/extensions/emmet/dist/node/emmetNodeMain
[2021-01-31 10:17:24.816] [exthost] [info] ExtensionService#_doActivateExtension vscode.git {"startup":true,"extensionId":{"value":"vscode.github","_lower":"vscode.github"},"activationEvent":"*"}
[2021-01-31 10:17:24.817] [exthost] [info] ExtensionService#loadCommonJSModule file:///usr/lib/code/extensions/git/dist/main
[2021-01-31 10:17:25.092] [exthost] [info] ExtensionService#_doActivateExtension vscode.merge-conflict {"startup":true,"extensionId":{"value":"vscode.merge-conflict","_lower":"vscode.merge-conflict"},"activationEvent":"*"}
[2021-01-31 10:17:25.092] [exthost] [info] ExtensionService#loadCommonJSModule file:///usr/lib/code/extensions/merge-conflict/dist/mergeConflictMain
[2021-01-31 10:17:25.132] [exthost] [info] ExtensionService#_doActivateExtension vscode.search-result {"startup":true,"extensionId":{"value":"vscode.search-result","_lower":"vscode.search-result"},"activationEvent":"*"}
[2021-01-31 10:17:25.132] [exthost] [info] ExtensionService#loadCommonJSModule file:///usr/lib/code/extensions/search-result/dist/extension.js
[2021-01-31 10:17:25.269] [exthost] [info] ExtensionService#_doActivateExtension CoenraadS.bracket-pair-colorizer-2 {"startup":true,"extensionId":{"value":"CoenraadS.bracket-pair-colorizer-2","_lower":"coenraads.bracket-pair-colorizer-2"},"activationEvent":"*"}
[2021-01-31 10:17:25.269] [exthost] [info] ExtensionService#loadCommonJSModule file:///home/prathamesh/.vscode-oss/extensions/coenraads.bracket-pair-colorizer-2-0.2.0/out/src/extension
[2021-01-31 10:17:25.878] [exthost] [info] ExtensionService#_doActivateExtension cweijan.vscode-mysql-client2 {"startup":true,"extensionId":{"value":"cweijan.vscode-mysql-client2","_lower":"cweijan.vscode-mysql-client2"},"activationEvent":"*"}
[2021-01-31 10:17:25.878] [exthost] [info] ExtensionService#loadCommonJSModule file:///home/prathamesh/.vscode-oss/extensions/cweijan.vscode-mysql-client2-3.2.5/out/extension
[2021-01-31 10:17:26.760] [exthost] [info] ExtensionService#_doActivateExtension PKief.material-icon-theme {"startup":true,"extensionId":{"value":"PKief.material-icon-theme","_lower":"pkief.material-icon-theme"},"activationEvent":"*"}
[2021-01-31 10:17:26.760] [exthost] [info] ExtensionService#loadCommonJSModule file:///home/prathamesh/.vscode-oss/extensions/pkief.material-icon-theme-4.5.0/dist/extension
[2021-01-31 10:17:26.850] [exthost] [info] ExtensionService#_doActivateExtension ritwickdey.LiveServer {"startup":true,"extensionId":{"value":"ritwickdey.LiveServer","_lower":"ritwickdey.liveserver"},"activationEvent":"*"}
[2021-01-31 10:17:26.850] [exthost] [info] ExtensionService#loadCommonJSModule file:///home/prathamesh/.vscode-oss/extensions/ritwickdey.liveserver-5.6.1/out/src/extension
[2021-01-31 10:17:34.507] [exthost] [info] ExtensionService#_doActivateExtension vadimcn.vscode-lldb {"startup":true,"extensionId":{"value":"vadimcn.vscode-lldb","_lower":"vadimcn.vscode-lldb"},"activationEvent":"*"}
[2021-01-31 10:17:34.507] [exthost] [info] ExtensionService#loadCommonJSModule file:///home/prathamesh/.vscode-oss/extensions/vadimcn.vscode-lldb-1.6.0/extension.js
[2021-01-31 10:17:34.553] [exthost] [info] ExtensionService#_doActivateExtension vscode-icons-team.vscode-icons {"startup":true,"extensionId":{"value":"vscode-icons-team.vscode-icons","_lower":"vscode-icons-team.vscode-icons"},"activationEvent":"*"}
[2021-01-31 10:17:34.554] [exthost] [info] ExtensionService#loadCommonJSModule file:///home/prathamesh/.vscode-oss/extensions/vscode-icons-team.vscode-icons-11.1.0/dist/src/vscode-icons.bundle.js
[2021-01-31 10:17:35.308] [exthost] [info] ExtensionService#_doActivateExtension Dart-Code.dart-code {"startup":true,"extensionId":{"value":"Dart-Code.dart-code","_lower":"dart-code.dart-code"},"activationEvent":"workspaceContainsTimeout:**/pubspec.yaml,**/*.dart"}
[2021-01-31 10:17:35.308] [exthost] [info] ExtensionService#loadCommonJSModule file:///home/prathamesh/.vscode-oss/extensions/dart-code.dart-code-3.19.1/out/dist/extension
[2021-01-31 10:17:35.577] [exthost] [info] ExtensionService#_doActivateExtension vscjava.vscode-maven {"startup":true,"extensionId":{"value":"vscjava.vscode-maven","_lower":"vscjava.vscode-maven"},"activationEvent":"workspaceContainsTimeout:**/pom.xml"}
[2021-01-31 10:17:35.577] [exthost] [info] ExtensionService#loadCommonJSModule file:///home/prathamesh/.vscode-oss/extensions/vscjava.vscode-maven-0.25.0/dist/extension
[2021-01-31 10:17:35.761] [exthost] [info] ExtensionService#_doActivateExtension esbenp.prettier-vscode {"startup":false,"extensionId":{"value":"esbenp.prettier-vscode","_lower":"esbenp.prettier-vscode"},"activationEvent":"onStartupFinished"}
[2021-01-31 10:17:35.761] [exthost] [info] ExtensionService#loadCommonJSModule file:///home/prathamesh/.vscode-oss/extensions/esbenp.prettier-vscode-5.8.0/dist/extension
[2021-01-31 10:17:36.387] [exthost] [info] ExtensionService#_doActivateExtension ms-vscode.js-debug {"startup":false,"extensionId":{"value":"ms-vscode.js-debug","_lower":"ms-vscode.js-debug"},"activationEvent":"onCommand:extension.js-debug.clearAutoAttachVariables"}
[2021-01-31 10:17:36.387] [exthost] [info] ExtensionService#loadCommonJSModule file:///usr/lib/code/extensions/ms-vscode.js-debug/src/extension.js
[2021-01-31 10:17:36.752] [exthost] [info] ExtensionService#_doActivateExtension vscode.github {"startup":false,"extensionId":{"value":"vscode.github","_lower":"vscode.github"},"activationEvent":"*"}
[2021-01-31 10:17:36.752] [exthost] [info] ExtensionService#loadCommonJSModule file:///usr/lib/code/extensions/github/dist/extension.js
[2021-01-31 10:17:57.174] [exthost] [info] eager extensions activated
[2021-01-31 10:20:17.255] [exthost] [info] ExtensionService#_doActivateExtension VisualStudioExptTeam.vscodeintellicode {"startup":false,"extensionId":{"value":"VisualStudioExptTeam.vscodeintellicode","_lower":"visualstudioexptteam.vscodeintellicode"},"activationEvent":"onLanguage:sql"}
[2021-01-31 10:20:17.255] [exthost] [info] ExtensionService#loadCommonJSModule file:///home/prathamesh/.vscode-oss/extensions/visualstudioexptteam.vscodeintellicode-1.2.10/dist/intellicode
