[2021-04-17 11:08:49.537] [sharedprocess] [info] main {"machineId":"49760a3b5fb30f3d8aa998fba9ed3c7cdba4b3c6b7ff832c0dad6018c1dc6ed5","windowId":2}
[2021-04-17 11:08:59.700] [sharedprocess] [info] Installing extension: cweijan.vscode-mysql-client2
[2021-04-17 11:08:59.701] [sharedprocess] [info] Installing extension: redhat.vscode-xml
[2021-04-17 11:08:59.701] [sharedprocess] [info] Installing extension: vscode-icons-team.vscode-icons
[2021-04-17 11:09:25.250] [sharedprocess] [info] Downloaded extension: vscode-icons-team.vscode-icons undefined
[2021-04-17 11:09:27.274] [sharedprocess] [info] Extracted extension to /home/prathamesh/.vscode-oss/extensions/.vscode-icons-team.vscode-icons-11.4.0: vscode-icons-team.vscode-icons
[2021-04-17 11:09:27.274] [sharedprocess] [info] Renamed to /home/prathamesh/.vscode-oss/extensions/vscode-icons-team.vscode-icons-11.4.0
[2021-04-17 11:09:27.278] [sharedprocess] [info] Installation completed. vscode-icons-team.vscode-icons
[2021-04-17 11:09:27.403] [sharedprocess] [info] Extensions installed successfully: vscode-icons-team.vscode-icons
[2021-04-17 11:09:29.648] [sharedprocess] [info] Starting to clean up unused language packs.
[2021-04-17 11:09:46.622] [sharedprocess] [info] Downloaded extension: cweijan.vscode-mysql-client2 undefined
[2021-04-17 11:09:47.236] [sharedprocess] [info] Extracted extension to /home/prathamesh/.vscode-oss/extensions/.cweijan.vscode-mysql-client2-3.6.8: cweijan.vscode-mysql-client2
[2021-04-17 11:09:47.237] [sharedprocess] [info] Renamed to /home/prathamesh/.vscode-oss/extensions/cweijan.vscode-mysql-client2-3.6.8
[2021-04-17 11:09:47.239] [sharedprocess] [info] Installation completed. cweijan.vscode-mysql-client2
[2021-04-17 11:09:47.347] [sharedprocess] [info] Extensions installed successfully: cweijan.vscode-mysql-client2
[2021-04-17 11:10:31.947] [sharedprocess] [info] Downloaded extension: redhat.vscode-xml undefined
[2021-04-17 11:10:32.548] [sharedprocess] [info] Extracted extension to /home/prathamesh/.vscode-oss/extensions/.redhat.vscode-xml-0.16.0: redhat.vscode-xml
[2021-04-17 11:10:32.548] [sharedprocess] [info] Renamed to /home/prathamesh/.vscode-oss/extensions/redhat.vscode-xml-0.16.0
[2021-04-17 11:10:32.550] [sharedprocess] [info] Installation completed. redhat.vscode-xml
[2021-04-17 11:10:33.860] [sharedprocess] [info] Installing extension: redhat.vscode-commons
[2021-04-17 11:10:35.434] [sharedprocess] [info] Downloaded extension: redhat.vscode-commons undefined
[2021-04-17 11:10:35.513] [sharedprocess] [info] Extracted extension to /home/prathamesh/.vscode-oss/extensions/.redhat.vscode-commons-0.0.4: redhat.vscode-commons
[2021-04-17 11:10:35.513] [sharedprocess] [info] Renamed to /home/prathamesh/.vscode-oss/extensions/redhat.vscode-commons-0.0.4
[2021-04-17 11:10:35.515] [sharedprocess] [info] Installation completed. redhat.vscode-commons
[2021-04-17 11:10:35.565] [sharedprocess] [info] Extensions installed successfully: redhat.vscode-commons
[2021-04-17 11:10:35.614] [sharedprocess] [info] Extensions installed successfully: redhat.vscode-xml
