[2021-02-05 21:41:26.689] [sharedprocess] [info] main {"machineId":"49760a3b5fb30f3d8aa998fba9ed3c7cdba4b3c6b7ff832c0dad6018c1dc6ed5","windowId":2}
[2021-02-05 21:41:39.547] [sharedprocess] [info] Installing extension: cweijan.vscode-mysql-client2
[2021-02-05 21:41:39.549] [sharedprocess] [info] Installing extension: redhat.vscode-xml
[2021-02-05 21:41:39.550] [sharedprocess] [info] Installing extension: vscjava.vscode-java-dependency
[2021-02-05 21:41:46.738] [sharedprocess] [info] Downloaded extension: vscjava.vscode-java-dependency undefined
[2021-02-05 21:41:47.510] [sharedprocess] [info] Extracted extension to /home/prathamesh/.vscode-oss/extensions/.vscjava.vscode-java-dependency-0.17.0: vscjava.vscode-java-dependency
[2021-02-05 21:41:47.511] [sharedprocess] [info] Renamed to /home/prathamesh/.vscode-oss/extensions/vscjava.vscode-java-dependency-0.17.0
[2021-02-05 21:41:47.512] [sharedprocess] [info] Installation completed. vscjava.vscode-java-dependency
[2021-02-05 21:41:49.209] [sharedprocess] [info] Extensions installed successfully: vscjava.vscode-java-dependency
[2021-02-05 21:41:53.702] [sharedprocess] [info] Downloaded extension: cweijan.vscode-mysql-client2 undefined
[2021-02-05 21:41:54.147] [sharedprocess] [info] Extracted extension to /home/prathamesh/.vscode-oss/extensions/.cweijan.vscode-mysql-client2-3.5.1: cweijan.vscode-mysql-client2
[2021-02-05 21:41:54.147] [sharedprocess] [info] Renamed to /home/prathamesh/.vscode-oss/extensions/cweijan.vscode-mysql-client2-3.5.1
[2021-02-05 21:41:54.148] [sharedprocess] [info] Installation completed. cweijan.vscode-mysql-client2
[2021-02-05 21:41:54.515] [sharedprocess] [info] Extensions installed successfully: cweijan.vscode-mysql-client2
[2021-02-05 21:42:03.900] [sharedprocess] [info] Downloaded extension: redhat.vscode-xml undefined
[2021-02-05 21:42:04.554] [sharedprocess] [info] Extracted extension to /home/prathamesh/.vscode-oss/extensions/.redhat.vscode-xml-0.15.0: redhat.vscode-xml
[2021-02-05 21:42:04.555] [sharedprocess] [info] Renamed to /home/prathamesh/.vscode-oss/extensions/redhat.vscode-xml-0.15.0
[2021-02-05 21:42:04.556] [sharedprocess] [info] Installation completed. redhat.vscode-xml
[2021-02-05 21:42:05.339] [sharedprocess] [info] Extensions installed successfully: redhat.vscode-xml
[2021-02-05 21:42:06.701] [sharedprocess] [info] Starting to clean up unused language packs.
