00:00:00.049961 VirtualBox DHCP Server 6.1.10 r138449 linux.amd64 (Jun  8 2020 08:33:44) release log
00:00:00.049967 Log opened 2020-06-29T14:24:45.168923000Z
00:00:00.049969 Build Type: release
00:00:00.049975 OS Product: Linux
00:00:00.049979 OS Release: 4.19.128-1-lts419
00:00:00.049983 OS Version: #1 SMP Thu, 18 Jun 2020 09:35:44 +0000
00:00:00.050028 DMI Product Name: Aspire A515-51G
00:00:00.050047 DMI Product Version: V2.02
00:00:00.050058 Firmware type: UEFI
00:00:00.052160 Secure Boot: Disabled
00:00:00.052293 Host RAM: 7850MB (7.6GB) total, 6245MB (6.0GB) available
00:00:00.052302 Executable: /usr/lib/virtualbox/VBoxNetDHCP
00:00:00.052303 Process ID: 3577
00:00:00.052305 Package type: LINUX_64BITS_GENERIC (OSE)
00:00:00.052377 --config:  HostInterfaceNetworking-vboxnet0
00:00:00.052404 --comment: HostInterfaceNetworking-vboxnet0
00:00:00.052685 IP address:   192.168.56.100/24
00:00:00.052707 Address pool: 192.168.56.101 - 192.168.56.254
00:00:00.052791 MAC address is not specified: will use generated MAC 08:00:27:36:55:44
00:00:00.052808 Db::i_enterFixedAddressAssignment: 08:00:27:36:55:44: 192.168.56.100
00:00:00.052823 loading leases from /home/prathamesh/.config/VirtualBox/HostInterfaceNetworking-vboxnet0-Dhcpd.leases
00:00:00.053003 > LOAD: EXPIRED lease 192.168.56.101 to 08:00:27:af:78:94, expired, valid from 2020-06-29T14:07:16Z for 600s until 2020-06-29T14:17:16Z
00:00:13.748237 DISCOVER xid 0x00002534 chaddr 08:00:27:af:78:94
00:00:13.748305  ciaddr 0.0.0.0
00:00:13.748321  params { 1 3 6 28 }
00:00:13.748362 > allocateAddress to client 08:00:27:af:78:94
00:00:13.748376 > ... found existing binding 192.168.56.101 to 08:00:27:af:78:94, expired, valid from 2020-06-29T14:07:16Z for 600s until 2020-06-29T14:17:16Z
00:00:13.748408 Lease time 600 secs (default)
00:00:13.748422 >>> requested option 1 (SubnetMask)
00:00:13.748430 ... always supplied
00:00:13.748435 >>> requested option 3 (Routers)
00:00:13.748441 ... not found
00:00:13.748447 >>> requested option 6 (DNSes)
00:00:13.748452 ... not found
00:00:13.748460 >>> requested option 28 (BroadcastAddress)
00:00:13.748469 ... not found
00:00:13.748487 encoding option 1 (SubnetMask)
00:00:13.748498 encoding option 51 (LeaseTime)
00:00:13.748507 OFFER xid 0x00002534 chaddr 08:00:27:af:78:94
00:00:13.748528  ciaddr 0.0.0.0 yiaddr 192.168.56.101
00:00:13.748554 encoded message: 548 bytes
00:00:13.748559 00007f5b180011d0/0000: 02 01 06 00 34 25 00 00-00 00 00 00 00 00 00 00 ....4%..........
00:00:13.748569 00007f5b180011e0/0010: c0 a8 38 65 00 00 00 00-00 00 00 00 08 00 27 af ..8e..........'.
00:00:13.748574 00007f5b180011f0/0020: 78 94 00 00 00 00 00 00-00 00 00 00 00 00 00 00 x...............
00:00:13.748579 00007f5b18001200/0030: 00 00 00 00 00 00 00 00-00 00 00 00 00 00 00 00 ................
00:00:13.748583 00007f5b18001210/0040: 00 00 00 00 00 00 00 00-00 00 00 00 00 00 00 00 ................
00:00:13.748588 00007f5b18001220/0050: 00 00 00 00 00 00 00 00-00 00 00 00 00 00 00 00 ................
00:00:13.748595 00007f5b18001230/0060: 00 00 00 00 00 00 00 00-00 00 00 00 00 00 00 00 ................
00:00:13.748603 00007f5b18001240/0070: 00 00 00 00 00 00 00 00-00 00 00 00 00 00 00 00 ................
00:00:13.748610 00007f5b18001250/0080: 00 00 00 00 00 00 00 00-00 00 00 00 00 00 00 00 ................
00:00:13.748616 00007f5b18001260/0090: 00 00 00 00 00 00 00 00-00 00 00 00 00 00 00 00 ................
00:00:13.748622 00007f5b18001270/00a0: 00 00 00 00 00 00 00 00-00 00 00 00 00 00 00 00 ................
00:00:13.748629 00007f5b18001280/00b0: 00 00 00 00 00 00 00 00-00 00 00 00 00 00 00 00 ................
00:00:13.748636 00007f5b18001290/00c0: 00 00 00 00 00 00 00 00-00 00 00 00 00 00 00 00 ................
00:00:13.748643 00007f5b180012a0/00d0: 00 00 00 00 00 00 00 00-00 00 00 00 00 00 00 00 ................
00:00:13.748649 00007f5b180012b0/00e0: 00 00 00 00 00 00 00 00-00 00 00 00 63 82 53 63 ............c.Sc
00:00:13.748656 00007f5b180012c0/00f0: 36 04 c0 a8 38 64 35 01-02 01 04 ff ff ff 00 33 6...8d5........3
00:00:13.748663 00007f5b180012d0/0100: 04 00 00 02 58 ff 00 00-00 00 00 00 00 00 00 00 ....X...........
00:00:13.748670 00007f5b180012e0/0110: 00 00 00 00 00 00 00 00-00 00 00 00 00 00 00 00 ................
00:00:13.748677 00007f5b180012f0/0120: 00 00 00 00 00 00 00 00-00 00 00 00 00 00 00 00 ................
00:00:13.748684 00007f5b18001300/0130: 00 00 00 00 00 00 00 00-00 00 00 00 00 00 00 00 ................
00:00:13.748691 00007f5b18001310/0140: 00 00 00 00 00 00 00 00-00 00 00 00 00 00 00 00 ................
00:00:13.748699 00007f5b18001320/0150: 00 00 00 00 00 00 00 00-00 00 00 00 00 00 00 00 ................
00:00:13.748706 00007f5b18001330/0160: 00 00 00 00 00 00 00 00-00 00 00 00 00 00 00 00 ................
00:00:13.748714 00007f5b18001340/0170: 00 00 00 00 00 00 00 00-00 00 00 00 00 00 00 00 ................
00:00:13.748721 00007f5b18001350/0180: 00 00 00 00 00 00 00 00-00 00 00 00 00 00 00 00 ................
00:00:13.748725 00007f5b18001360/0190: 00 00 00 00 00 00 00 00-00 00 00 00 00 00 00 00 ................
00:00:13.748730 00007f5b18001370/01a0: 00 00 00 00 00 00 00 00-00 00 00 00 00 00 00 00 ................
00:00:13.748734 00007f5b18001380/01b0: 00 00 00 00 00 00 00 00-00 00 00 00 00 00 00 00 ................
00:00:13.748739 00007f5b18001390/01c0: 00 00 00 00 00 00 00 00-00 00 00 00 00 00 00 00 ................
00:00:13.748743 00007f5b180013a0/01d0: 00 00 00 00 00 00 00 00-00 00 00 00 00 00 00 00 ................
00:00:13.748747 00007f5b180013b0/01e0: 00 00 00 00 00 00 00 00-00 00 00 00 00 00 00 00 ................
00:00:13.748752 00007f5b180013c0/01f0: 00 00 00 00 00 00 00 00-00 00 00 00 00 00 00 00 ................
00:00:13.748756 00007f5b180013d0/0200: 00 00 00 00 00 00 00 00-00 00 00 00 00 00 00 00 ................
00:00:13.748760 00007f5b180013e0/0210: 00 00 00 00 00 00 00 00-00 00 00 00 00 00 00 00 ................
00:00:13.748765 00007f5b180013f0/0220: 00 00 00 00                                     ....
00:00:13.749672 REQUEST xid 0x00002535 chaddr 08:00:27:af:78:94
00:00:13.749712  ciaddr 0.0.0.0
00:00:13.749726  for server 192.168.56.100 requested address 192.168.56.101
00:00:13.749747  params { 1 3 6 28 }
00:00:13.749781   54: c0 a8 38 64
00:00:13.749791 > allocateAddress 192.168.56.101 to client 08:00:27:af:78:94
00:00:13.749804 > ... found existing binding 192.168.56.101 to 08:00:27:af:78:94, offered, valid from 2020-06-29T14:24:58Z for 600s until 2020-06-29T14:34:58Z
00:00:13.749828 Lease time 600 secs (default)
00:00:13.749839 writing leases to /home/prathamesh/.config/VirtualBox/HostInterfaceNetworking-vboxnet0-Dhcpd.leases
00:00:14.213277 >>> requested option 1 (SubnetMask)
00:00:14.213316 ... always supplied
00:00:14.213327 >>> requested option 3 (Routers)
00:00:14.213337 ... not found
00:00:14.213346 >>> requested option 6 (DNSes)
00:00:14.213355 ... not found
00:00:14.213363 >>> requested option 28 (BroadcastAddress)
00:00:14.213373 ... not found
00:00:14.213386 encoding option 1 (SubnetMask)
00:00:14.213396 encoding option 51 (LeaseTime)
00:00:14.213407 ACK xid 0x00002535 chaddr 08:00:27:af:78:94
00:00:14.213438  ciaddr 0.0.0.0 yiaddr 192.168.56.101
00:00:14.213467 encoded message: 548 bytes
00:00:14.213472 00007f5b180011d0/0000: 02 01 06 00 35 25 00 00-00 00 00 00 00 00 00 00 ....5%..........
00:00:14.213482 00007f5b180011e0/0010: c0 a8 38 65 00 00 00 00-00 00 00 00 08 00 27 af ..8e..........'.
00:00:14.213489 00007f5b180011f0/0020: 78 94 00 00 00 00 00 00-00 00 00 00 00 00 00 00 x...............
00:00:14.213495 00007f5b18001200/0030: 00 00 00 00 00 00 00 00-00 00 00 00 00 00 00 00 ................
00:00:14.213502 00007f5b18001210/0040: 00 00 00 00 00 00 00 00-00 00 00 00 00 00 00 00 ................
00:00:14.213508 00007f5b18001220/0050: 00 00 00 00 00 00 00 00-00 00 00 00 00 00 00 00 ................
00:00:14.213515 00007f5b18001230/0060: 00 00 00 00 00 00 00 00-00 00 00 00 00 00 00 00 ................
00:00:14.213521 00007f5b18001240/0070: 00 00 00 00 00 00 00 00-00 00 00 00 00 00 00 00 ................
00:00:14.213528 00007f5b18001250/0080: 00 00 00 00 00 00 00 00-00 00 00 00 00 00 00 00 ................
00:00:14.213534 00007f5b18001260/0090: 00 00 00 00 00 00 00 00-00 00 00 00 00 00 00 00 ................
00:00:14.213541 00007f5b18001270/00a0: 00 00 00 00 00 00 00 00-00 00 00 00 00 00 00 00 ................
00:00:14.213547 00007f5b18001280/00b0: 00 00 00 00 00 00 00 00-00 00 00 00 00 00 00 00 ................
00:00:14.213554 00007f5b18001290/00c0: 00 00 00 00 00 00 00 00-00 00 00 00 00 00 00 00 ................
00:00:14.213560 00007f5b180012a0/00d0: 00 00 00 00 00 00 00 00-00 00 00 00 00 00 00 00 ................
00:00:14.213567 00007f5b180012b0/00e0: 00 00 00 00 00 00 00 00-00 00 00 00 63 82 53 63 ............c.Sc
00:00:14.213573 00007f5b180012c0/00f0: 36 04 c0 a8 38 64 35 01-05 01 04 ff ff ff 00 33 6...8d5........3
00:00:14.213580 00007f5b180012d0/0100: 04 00 00 02 58 ff 00 00-00 00 00 00 00 00 00 00 ....X...........
00:00:14.213587 00007f5b180012e0/0110: 00 00 00 00 00 00 00 00-00 00 00 00 00 00 00 00 ................
00:00:14.213594 00007f5b180012f0/0120: 00 00 00 00 00 00 00 00-00 00 00 00 00 00 00 00 ................
00:00:14.213600 00007f5b18001300/0130: 00 00 00 00 00 00 00 00-00 00 00 00 00 00 00 00 ................
00:00:14.213607 00007f5b18001310/0140: 00 00 00 00 00 00 00 00-00 00 00 00 00 00 00 00 ................
00:00:14.213613 00007f5b18001320/0150: 00 00 00 00 00 00 00 00-00 00 00 00 00 00 00 00 ................
00:00:14.213620 00007f5b18001330/0160: 00 00 00 00 00 00 00 00-00 00 00 00 00 00 00 00 ................
00:00:14.213626 00007f5b18001340/0170: 00 00 00 00 00 00 00 00-00 00 00 00 00 00 00 00 ................
00:00:14.213633 00007f5b18001350/0180: 00 00 00 00 00 00 00 00-00 00 00 00 00 00 00 00 ................
00:00:14.213639 00007f5b18001360/0190: 00 00 00 00 00 00 00 00-00 00 00 00 00 00 00 00 ................
00:00:14.213646 00007f5b18001370/01a0: 00 00 00 00 00 00 00 00-00 00 00 00 00 00 00 00 ................
00:00:14.213652 00007f5b18001380/01b0: 00 00 00 00 00 00 00 00-00 00 00 00 00 00 00 00 ................
00:00:14.213659 00007f5b18001390/01c0: 00 00 00 00 00 00 00 00-00 00 00 00 00 00 00 00 ................
00:00:14.213665 00007f5b180013a0/01d0: 00 00 00 00 00 00 00 00-00 00 00 00 00 00 00 00 ................
00:00:14.213672 00007f5b180013b0/01e0: 00 00 00 00 00 00 00 00-00 00 00 00 00 00 00 00 ................
00:00:14.213678 00007f5b180013c0/01f0: 00 00 00 00 00 00 00 00-00 00 00 00 00 00 00 00 ................
00:00:14.213685 00007f5b180013d0/0200: 00 00 00 00 00 00 00 00-00 00 00 00 00 00 00 00 ................
00:00:14.213691 00007f5b180013e0/0210: 00 00 00 00 00 00 00 00-00 00 00 00 00 00 00 00 ................
00:00:14.213698 00007f5b180013f0/0220: 00 00 00 00                                     ....
