00:00:00.052533 main     VirtualBox XPCOM Server 6.1.16 r140961 linux.amd64 (Oct 20 2020 18:52:28) release log
00:00:00.052540 main     Log opened 2020-12-07T15:52:36.441005000Z
00:00:00.052542 main     Build Type: release
00:00:00.052547 main     OS Product: Linux
00:00:00.052551 main     OS Release: 5.4.75-1-lts
00:00:00.052555 main     OS Version: #1 SMP Thu, 05 Nov 2020 12:39:20 +0000
00:00:00.052593 main     DMI Product Name: Aspire A515-51G
00:00:00.052612 main     DMI Product Version: V2.02
00:00:00.052622 main     Firmware type: UEFI
00:00:00.054578 main     Secure Boot: Disabled
00:00:00.054691 main     Host RAM: 7838MB (7.6GB) total, 5935MB (5.7GB) available
00:00:00.054700 main     Executable: /usr/lib/virtualbox/VBoxSVC
00:00:00.054701 main     Process ID: 64674
00:00:00.054703 main     Package type: LINUX_64BITS_GENERIC (OSE)
00:00:00.059676 main     IPC socket path: /tmp/.vbox-prathamesh-ipc/ipcd
00:00:00.177279 nspr-2   VirtualBox: object creation starts
00:00:00.177331 nspr-2   Home directory: '/home/prathamesh/.config/VirtualBox'
00:00:00.312963 nspr-2   Loading settings file "/home/prathamesh/.config/VirtualBox/VirtualBox.xml" with version "1.12-linux"
00:00:00.316382 nspr-2   USB: Unknown USB device detected (idVendor: 0x04ca, idProduct: 0x3015)
00:00:00.316744 nspr-2   Successfully initialised host USB using sysfs
00:00:00.391640 nspr-2   NetIfAdpCtlOut: VBoxNetAdpCtl: Error while retrieving link speed for wlp3s0: VBoxNetAdpCtl: ioctl failed: Operation not supported
00:00:00.393071 nspr-2   HostDnsMonitor: initializing
00:00:00.393703 nspr-2   NAT: resolv.conf: nameserver 192.168.43.226
00:00:00.393743 nspr-2   NAT: resolv.conf: nameserver 2409:4042:2013:1938::58
00:00:00.393772 nspr-2   HostDnsMonitor: updating information
00:00:00.393812 nspr-2   HostDnsMonitor: old information
00:00:00.393822 nspr-2     no server entries
00:00:00.393831 nspr-2     no domain set
00:00:00.393840 nspr-2     no search string entries
00:00:00.393849 nspr-2   HostDnsMonitor: new information
00:00:00.393857 nspr-2     server 1: 192.168.43.226
00:00:00.393867 nspr-2     server 2: 2409:4042:2013:1938::58
00:00:00.393877 nspr-2     no domain set
00:00:00.393885 nspr-2     no search string entries
00:00:00.886585 nspr-2   VD: VDInit finished with VINF_SUCCESS
00:00:00.945005 nspr-2   Loading settings file "/home/prathamesh/VirtualBox VMs/Kali-Linux-2020.2-vbox-amd64/Kali-Linux-2020.2-vbox-amd64.vbox" with version "1.16-linux"
00:00:00.993543 nspr-2   Loading settings file "/home/prathamesh/VirtualBox VMs/Parrot Security/Parrot Security.vbox" with version "1.16-linux"
00:00:01.013505 nspr-2   OCI: Local config file '/home/prathamesh/.config/VirtualBox/oci_config' does not exist
00:00:01.013563 nspr-2   OCI: Original config file '/home/prathamesh/.oci/config' does not exist
00:00:01.013576 nspr-2   OCI: Reading profiles finished with status NS_OK
00:00:01.013612 nspr-2   ExtPack: Created cloud provider 'OCI' (hrc=NS_OK)
00:00:01.013655 nspr-2   VirtualBox: object created
00:00:08.469823 nspr-4   Saving settings file "/home/prathamesh/.config/VirtualBox/VirtualBox.xml" with version "1.12-linux"
00:00:09.244922 nspr-5   Saving settings file "/home/prathamesh/.config/VirtualBox/VirtualBox.xml" with version "1.12-linux"
00:00:09.624690 nspr-5   Saving settings file "/home/prathamesh/.config/VirtualBox/VirtualBox.xml" with version "1.12-linux"
00:00:10.305292 nspr-4   Saving settings file "/home/prathamesh/.config/VirtualBox/VirtualBox.xml" with version "1.12-linux"
00:00:16.648901 main     VirtualBox: object deletion starts
00:00:16.648981 main     ERROR [COM]: aRC=VBOX_E_OBJECT_IN_USE (0x80bb000c) aIID={ad47ad09-787b-44ab-b343-a082a3f2dfb1} aComponent={MediumWrap} aText={Medium '/home/prathamesh/VirtualBox VMs/Kali-Linux-2020.2-vbox-amd64/Kali-Linux-2020.2-vbox-amd64-disk001.vdi' cannot be closed because it is still attached to 1 virtual machines}, preserve=false aResultDetail=0
00:00:16.649360 main     ERROR [COM]: aRC=VBOX_E_OBJECT_IN_USE (0x80bb000c) aIID={ad47ad09-787b-44ab-b343-a082a3f2dfb1} aComponent={MediumWrap} aText={Medium '/home/prathamesh/VirtualBox VMs/Parrot Security/Parrot Security-disk001.vdi' cannot be closed because it is still attached to 1 virtual machines}, preserve=false aResultDetail=0
00:00:16.650158 main     HostDnsMonitor: shutting down ...
00:00:16.650638 main     HostDnsMonitor: shut down
00:00:17.019085 Watcher  ERROR [COM]: aRC=E_ACCESSDENIED (0x80070005) aIID={d0a0163f-e254-4e5b-a1f2-011cf991c38d} aComponent={VirtualBoxWrap} aText={The object is not ready}, preserve=false aResultDetail=0
00:00:21.651298 main     {00007f0c5401abb0} HostPowerServiceLinux::~HostPowerServiceLinux: RTThreadWait() for 5000 ms failed with VERR_TIMEOUT
00:00:21.652215 main     VirtualBox: object deleted
