Looking for git in: git
Using git 2.30.0 from git
> git rev-parse --git-dir
Open repository: /home/prathamesh/www/WTL_Group_Activity
> git status -z -u
> git check-ignore -v -z --stdin
> git symbolic-ref --short HEAD
> git rev-parse Srijan
> git rev-parse --symbolic-full-name Srijan@{u}
> git rev-list --left-right Srijan...refs/remotes/origin/Srijan
> git for-each-ref --sort -committerdate --format %(refname) %(objectname) %(*objectname)
> git remote --verbose
> git config --get commit.template
> git show --textconv :Files/account/view_order.php
> git show --textconv :Files/Order/cart.php
> git ls-files --stage -- /home/prathamesh/www/WTL_Group_Activity/Files/account/view_order.php
> git ls-files --stage -- /home/prathamesh/www/WTL_Group_Activity/Files/Order/cart.php
> git cat-file -s 8aea5336ce8679ae49249355bf20124a2ac57aa2
> git cat-file -s 94964241e07fb37825879244ccbfe3ffa7985038
> git status -z -u
> git symbolic-ref --short HEAD
> git rev-parse Srijan
> git rev-parse --symbolic-full-name Srijan@{u}
> git rev-list --left-right Srijan...refs/remotes/origin/Srijan
> git for-each-ref --sort -committerdate --format %(refname) %(objectname) %(*objectname)
> git remote --verbose
> git config --get commit.template
> git status -z -u
> git symbolic-ref --short HEAD
> git rev-parse Srijan
> git rev-parse --symbolic-full-name Srijan@{u}
> git rev-list --left-right Srijan...refs/remotes/origin/Srijan
> git for-each-ref --sort -committerdate --format %(refname) %(objectname) %(*objectname)
> git remote --verbose
> git config --get commit.template
> git show --textconv :Files/account/view_order.php
> git ls-files --stage -- /home/prathamesh/www/WTL_Group_Activity/Files/account/view_order.php
> git cat-file -s 8aea5336ce8679ae49249355bf20124a2ac57aa2
> git status -z -u
> git symbolic-ref --short HEAD
> git rev-parse Srijan
> git rev-parse --symbolic-full-name Srijan@{u}
> git rev-list --left-right Srijan...refs/remotes/origin/Srijan
> git for-each-ref --sort -committerdate --format %(refname) %(objectname) %(*objectname)
> git remote --verbose
> git config --get commit.template
> git status -z -u
> git symbolic-ref --short HEAD
> git rev-parse Srijan
> git rev-parse --symbolic-full-name Srijan@{u}
> git rev-list --left-right Srijan...refs/remotes/origin/Srijan
> git for-each-ref --sort -committerdate --format %(refname) %(objectname) %(*objectname)
> git remote --verbose
> git config --get commit.template
> git status -z -u
> git symbolic-ref --short HEAD
> git rev-parse Srijan
> git rev-parse --symbolic-full-name Srijan@{u}
> git rev-list --left-right Srijan...refs/remotes/origin/Srijan
> git for-each-ref --sort -committerdate --format %(refname) %(objectname) %(*objectname)
> git remote --verbose
> git config --get commit.template
> git status -z -u
> git symbolic-ref --short HEAD
> git rev-parse Srijan
> git rev-parse --symbolic-full-name Srijan@{u}
> git rev-list --left-right Srijan...refs/remotes/origin/Srijan
> git for-each-ref --sort -committerdate --format %(refname) %(objectname) %(*objectname)
> git remote --verbose
> git config --get commit.template
> git status -z -u
> git symbolic-ref --short HEAD
> git rev-parse Srijan
> git rev-parse --symbolic-full-name Srijan@{u}
> git rev-list --left-right Srijan...refs/remotes/origin/Srijan
> git for-each-ref --sort -committerdate --format %(refname) %(objectname) %(*objectname)
> git remote --verbose
> git config --get commit.template
> git status -z -u
> git symbolic-ref --short HEAD
> git rev-parse Srijan
> git rev-parse --symbolic-full-name Srijan@{u}
> git rev-list --left-right Srijan...refs/remotes/origin/Srijan
> git for-each-ref --sort -committerdate --format %(refname) %(objectname) %(*objectname)
> git remote --verbose
> git config --get commit.template
> git status -z -u
> git symbolic-ref --short HEAD
> git rev-parse Srijan
> git rev-parse --symbolic-full-name Srijan@{u}
> git rev-list --left-right Srijan...refs/remotes/origin/Srijan
> git for-each-ref --sort -committerdate --format %(refname) %(objectname) %(*objectname)
> git remote --verbose
> git config --get commit.template
> git status -z -u
> git symbolic-ref --short HEAD
> git rev-parse Srijan
> git rev-parse --symbolic-full-name Srijan@{u}
> git rev-list --left-right Srijan...refs/remotes/origin/Srijan
> git for-each-ref --sort -committerdate --format %(refname) %(objectname) %(*objectname)
> git remote --verbose
> git config --get commit.template
> git status -z -u
> git symbolic-ref --short HEAD
> git rev-parse Srijan
> git rev-parse --symbolic-full-name Srijan@{u}
> git rev-list --left-right Srijan...refs/remotes/origin/Srijan
> git for-each-ref --sort -committerdate --format %(refname) %(objectname) %(*objectname)
> git remote --verbose
> git config --get commit.template
> git show --textconv :Files/Order/cart.css
> git ls-files --stage -- /home/prathamesh/www/WTL_Group_Activity/Files/Order/cart.css
> git cat-file -s 0a13121e7f011896cb6fce602e3d8ffb04f3bf7b
> git status -z -u
> git symbolic-ref --short HEAD
> git rev-parse Srijan
> git rev-parse --symbolic-full-name Srijan@{u}
> git rev-list --left-right Srijan...refs/remotes/origin/Srijan
> git for-each-ref --sort -committerdate --format %(refname) %(objectname) %(*objectname)
> git remote --verbose
> git config --get commit.template
> git status -z -u
> git symbolic-ref --short HEAD
> git rev-parse Srijan
> git rev-parse --symbolic-full-name Srijan@{u}
> git rev-list --left-right Srijan...refs/remotes/origin/Srijan
> git for-each-ref --sort -committerdate --format %(refname) %(objectname) %(*objectname)
> git remote --verbose
> git config --get commit.template
> git status -z -u
> git symbolic-ref --short HEAD
> git rev-parse Srijan
> git rev-parse --symbolic-full-name Srijan@{u}
> git rev-list --left-right Srijan...refs/remotes/origin/Srijan
> git for-each-ref --sort -committerdate --format %(refname) %(objectname) %(*objectname)
> git remote --verbose
> git config --get commit.template
> git status -z -u
> git symbolic-ref --short HEAD
> git rev-parse Srijan
> git rev-parse --symbolic-full-name Srijan@{u}
> git rev-list --left-right Srijan...refs/remotes/origin/Srijan
> git for-each-ref --sort -committerdate --format %(refname) %(objectname) %(*objectname)
> git remote --verbose
> git config --get commit.template
> git show --textconv :Files/account/profile.php
> git ls-files --stage -- /home/prathamesh/www/WTL_Group_Activity/Files/account/profile.php
> git cat-file -s 0f7b8f01ebd8327fdf5b72c184d2347c2a61d76a
> git show --textconv :Files/account/profile.css
> git ls-files --stage -- /home/prathamesh/www/WTL_Group_Activity/Files/account/profile.css
> git cat-file -s 79564068d1968ea6bc73a0b8eee293eadfc2c7f2
> git show --textconv :Files/account/profile.php
> git ls-files --stage -- /home/prathamesh/www/WTL_Group_Activity/Files/account/profile.php
> git cat-file -s 0f7b8f01ebd8327fdf5b72c184d2347c2a61d76a
> git show --textconv :Files/account/profile.css
> git ls-files --stage -- /home/prathamesh/www/WTL_Group_Activity/Files/account/profile.css
> git cat-file -s 79564068d1968ea6bc73a0b8eee293eadfc2c7f2
> git status -z -u
> git symbolic-ref --short HEAD
> git rev-parse Srijan
> git rev-parse --symbolic-full-name Srijan@{u}
> git rev-list --left-right Srijan...refs/remotes/origin/Srijan
> git for-each-ref --sort -committerdate --format %(refname) %(objectname) %(*objectname)
> git remote --verbose
> git config --get commit.template
> git status -z -u
> git symbolic-ref --short HEAD
> git rev-parse Srijan
> git rev-parse --symbolic-full-name Srijan@{u}
> git rev-list --left-right Srijan...refs/remotes/origin/Srijan
> git for-each-ref --sort -committerdate --format %(refname) %(objectname) %(*objectname)
> git remote --verbose
> git config --get commit.template
> git show --textconv :Files/Order/cart.php
> git ls-files --stage -- /home/prathamesh/www/WTL_Group_Activity/Files/Order/cart.php
> git cat-file -s 94964241e07fb37825879244ccbfe3ffa7985038
> git show --textconv :Files/Order/cart.css
> git ls-files --stage -- /home/prathamesh/www/WTL_Group_Activity/Files/Order/cart.css
> git cat-file -s 0a13121e7f011896cb6fce602e3d8ffb04f3bf7b
> git show --textconv :Files/Order/cart.php
> git ls-files --stage -- /home/prathamesh/www/WTL_Group_Activity/Files/Order/cart.php
> git cat-file -s 94964241e07fb37825879244ccbfe3ffa7985038
> git show --textconv :Files/Order/cart.css
> git ls-files --stage -- /home/prathamesh/www/WTL_Group_Activity/Files/Order/cart.css
> git cat-file -s 0a13121e7f011896cb6fce602e3d8ffb04f3bf7b
> git status -z -u
> git symbolic-ref --short HEAD
> git rev-parse Srijan
> git rev-parse --symbolic-full-name Srijan@{u}
> git rev-list --left-right Srijan...refs/remotes/origin/Srijan
> git for-each-ref --sort -committerdate --format %(refname) %(objectname) %(*objectname)
> git remote --verbose
> git config --get commit.template
> git show --textconv :Files/Order/cart.php
> git ls-files --stage -- /home/prathamesh/www/WTL_Group_Activity/Files/Order/cart.php
> git cat-file -s 94964241e07fb37825879244ccbfe3ffa7985038
> git status -z -u
> git symbolic-ref --short HEAD
> git rev-parse Srijan
> git rev-parse --symbolic-full-name Srijan@{u}
> git rev-list --left-right Srijan...refs/remotes/origin/Srijan
> git for-each-ref --sort -committerdate --format %(refname) %(objectname) %(*objectname)
> git remote --verbose
> git config --get commit.template
> git show --textconv :Files/Order/cart.css
> git ls-files --stage -- /home/prathamesh/www/WTL_Group_Activity/Files/Order/cart.css
> git cat-file -s 0a13121e7f011896cb6fce602e3d8ffb04f3bf7b
> git status -z -u
> git symbolic-ref --short HEAD
> git rev-parse Srijan
> git rev-parse --symbolic-full-name Srijan@{u}
> git rev-list --left-right Srijan...refs/remotes/origin/Srijan
> git for-each-ref --sort -committerdate --format %(refname) %(objectname) %(*objectname)
> git remote --verbose
> git config --get commit.template
> git status -z -u
> git symbolic-ref --short HEAD
> git rev-parse Srijan
> git rev-parse --symbolic-full-name Srijan@{u}
> git rev-list --left-right Srijan...refs/remotes/origin/Srijan
> git for-each-ref --sort -committerdate --format %(refname) %(objectname) %(*objectname)
> git remote --verbose
> git config --get commit.template
> git show --textconv :Files/Order/cart.php
> git ls-files --stage -- /home/prathamesh/www/WTL_Group_Activity/Files/Order/cart.php
> git cat-file -s 94964241e07fb37825879244ccbfe3ffa7985038
> git show --textconv :Files/account/profile.php
> git ls-files --stage -- /home/prathamesh/www/WTL_Group_Activity/Files/account/profile.php
> git cat-file -s 0f7b8f01ebd8327fdf5b72c184d2347c2a61d76a
> git log --format=%H%n%aN%n%aE%n%at%n%ct%n%P%n%B -z -n21 -- /home/prathamesh/www/WTL_Group_Activity/Files/account/profile.php
> git show --textconv :Files/account/edit.js
> git ls-files --stage -- /home/prathamesh/www/WTL_Group_Activity/Files/account/edit.js
> git cat-file -s 5bc49109b25ef8b8bf7b4c0e4d9eb6b2dfa0f0ad
> git show --textconv :Files/account/profile.php
> git ls-files --stage -- /home/prathamesh/www/WTL_Group_Activity/Files/account/profile.php
> git cat-file -s 0f7b8f01ebd8327fdf5b72c184d2347c2a61d76a
> git check-ignore -v -z --stdin
> git show --textconv :Files/Order/buy.php
> git ls-files --stage -- /home/prathamesh/www/WTL_Group_Activity/Files/Order/buy.php
> git check-ignore -v -z --stdin
> git status -z -u
> git symbolic-ref --short HEAD
> git rev-parse Srijan
> git rev-parse --symbolic-full-name Srijan@{u}
> git rev-list --left-right Srijan...refs/remotes/origin/Srijan
> git for-each-ref --sort -committerdate --format %(refname) %(objectname) %(*objectname)
> git remote --verbose
> git config --get commit.template
> git show --textconv :Files/Order/cart.php
> git ls-files --stage -- /home/prathamesh/www/WTL_Group_Activity/Files/Order/cart.php
> git cat-file -s 94964241e07fb37825879244ccbfe3ffa7985038
> git show --textconv :Files/Order/buy.php
> git ls-files --stage -- /home/prathamesh/www/WTL_Group_Activity/Files/Order/buy.php
> git show --textconv :Files/Order/cart.php
> git ls-files --stage -- /home/prathamesh/www/WTL_Group_Activity/Files/Order/cart.php
> git cat-file -s 94964241e07fb37825879244ccbfe3ffa7985038
> git show --textconv :Files/account/view_order.php
> git ls-files --stage -- /home/prathamesh/www/WTL_Group_Activity/Files/account/view_order.php
> git cat-file -s 8aea5336ce8679ae49249355bf20124a2ac57aa2
> git show --textconv :Files/Order/cart.php
> git ls-files --stage -- /home/prathamesh/www/WTL_Group_Activity/Files/Order/cart.php
> git cat-file -s 94964241e07fb37825879244ccbfe3ffa7985038
> git show --textconv :Files/Order/order_final.php
> git ls-files --stage -- /home/prathamesh/www/WTL_Group_Activity/Files/Order/order_final.php
> git cat-file -s 6f9104f08f329c10c122afa540c9adcc30203861
> git show --textconv :Files/Order/order.php
> git ls-files --stage -- /home/prathamesh/www/WTL_Group_Activity/Files/Order/order.php
> git cat-file -s 2ad37b20d2d9a682f3f98a1b875b9783bbe22d09
> git log --format=%H%n%aN%n%aE%n%at%n%ct%n%P%n%B -z -n21 -- /home/prathamesh/www/WTL_Group_Activity/Files/Order/order.php
> git show --textconv :Files/Order/cart.php
> git ls-files --stage -- /home/prathamesh/www/WTL_Group_Activity/Files/Order/cart.php
> git cat-file -s 94964241e07fb37825879244ccbfe3ffa7985038
> git status -z -u
> git symbolic-ref --short HEAD
> git rev-parse Srijan
> git rev-parse --symbolic-full-name Srijan@{u}
> git rev-list --left-right Srijan...refs/remotes/origin/Srijan
> git for-each-ref --sort -committerdate --format %(refname) %(objectname) %(*objectname)
> git remote --verbose
> git config --get commit.template
> git status -z -u
> git symbolic-ref --short HEAD
> git rev-parse Srijan
> git rev-parse --symbolic-full-name Srijan@{u}
> git rev-list --left-right Srijan...refs/remotes/origin/Srijan
> git for-each-ref --sort -committerdate --format %(refname) %(objectname) %(*objectname)
> git remote --verbose
> git config --get commit.template
> git status -z -u
> git symbolic-ref --short HEAD
> git rev-parse Srijan
> git rev-parse --symbolic-full-name Srijan@{u}
> git rev-list --left-right Srijan...refs/remotes/origin/Srijan
> git for-each-ref --sort -committerdate --format %(refname) %(objectname) %(*objectname)
> git remote --verbose
> git config --get commit.template
> git status -z -u
> git symbolic-ref --short HEAD
> git rev-parse Srijan
> git rev-parse --symbolic-full-name Srijan@{u}
> git rev-list --left-right Srijan...refs/remotes/origin/Srijan
> git for-each-ref --sort -committerdate --format %(refname) %(objectname) %(*objectname)
> git remote --verbose
> git config --get commit.template
> git show --textconv :Files/Order/buy.php
> git ls-files --stage -- /home/prathamesh/www/WTL_Group_Activity/Files/Order/buy.php
> git show --textconv :Files/Order/cart.php
> git ls-files --stage -- /home/prathamesh/www/WTL_Group_Activity/Files/Order/cart.php
> git cat-file -s 94964241e07fb37825879244ccbfe3ffa7985038
> git show --textconv :Files/Order/buy.php
> git ls-files --stage -- /home/prathamesh/www/WTL_Group_Activity/Files/Order/buy.php
> git show --textconv :Files/Order/cart.php
> git ls-files --stage -- /home/prathamesh/www/WTL_Group_Activity/Files/Order/cart.php
> git cat-file -s 94964241e07fb37825879244ccbfe3ffa7985038
> git show --textconv :Files/Order/buy.php
> git ls-files --stage -- /home/prathamesh/www/WTL_Group_Activity/Files/Order/buy.php
> git show --textconv :Files/Order/cart.php
> git ls-files --stage -- /home/prathamesh/www/WTL_Group_Activity/Files/Order/cart.php
> git cat-file -s 94964241e07fb37825879244ccbfe3ffa7985038
> git show --textconv :Files/Order/buy.php
> git ls-files --stage -- /home/prathamesh/www/WTL_Group_Activity/Files/Order/buy.php
> git show --textconv :Files/Order/cart.php
> git ls-files --stage -- /home/prathamesh/www/WTL_Group_Activity/Files/Order/cart.php
> git cat-file -s 94964241e07fb37825879244ccbfe3ffa7985038
> git show --textconv :Files/Order/buy.php
> git ls-files --stage -- /home/prathamesh/www/WTL_Group_Activity/Files/Order/buy.php
> git status -z -u
> git symbolic-ref --short HEAD
> git rev-parse Srijan
> git rev-parse --symbolic-full-name Srijan@{u}
> git rev-list --left-right Srijan...refs/remotes/origin/Srijan
> git for-each-ref --sort -committerdate --format %(refname) %(objectname) %(*objectname)
> git remote --verbose
> git config --get commit.template
> git show --textconv :Files/Order/cart.php
> git ls-files --stage -- /home/prathamesh/www/WTL_Group_Activity/Files/Order/cart.php
> git cat-file -s 94964241e07fb37825879244ccbfe3ffa7985038
> git status -z -u
> git symbolic-ref --short HEAD
> git rev-parse Srijan
> git rev-parse --symbolic-full-name Srijan@{u}
> git rev-list --left-right Srijan...refs/remotes/origin/Srijan
> git for-each-ref --sort -committerdate --format %(refname) %(objectname) %(*objectname)
> git remote --verbose
> git config --get commit.template
> git status -z -u
> git symbolic-ref --short HEAD
> git rev-parse Srijan
> git rev-parse --symbolic-full-name Srijan@{u}
> git rev-list --left-right Srijan...refs/remotes/origin/Srijan
> git for-each-ref --sort -committerdate --format %(refname) %(objectname) %(*objectname)
> git remote --verbose
> git config --get commit.template
> git status -z -u
> git symbolic-ref --short HEAD
> git rev-parse Srijan
> git rev-parse --symbolic-full-name Srijan@{u}
> git rev-list --left-right Srijan...refs/remotes/origin/Srijan
> git for-each-ref --sort -committerdate --format %(refname) %(objectname) %(*objectname)
> git remote --verbose
> git config --get commit.template
> git status -z -u
> git symbolic-ref --short HEAD
> git rev-parse Srijan
> git rev-parse --symbolic-full-name Srijan@{u}
> git rev-list --left-right Srijan...refs/remotes/origin/Srijan
> git for-each-ref --sort -committerdate --format %(refname) %(objectname) %(*objectname)
> git remote --verbose
> git config --get commit.template
> git status -z -u
> git symbolic-ref --short HEAD
> git rev-parse Srijan
> git rev-parse --symbolic-full-name Srijan@{u}
> git rev-list --left-right Srijan...refs/remotes/origin/Srijan
> git for-each-ref --sort -committerdate --format %(refname) %(objectname) %(*objectname)
> git remote --verbose
> git config --get commit.template
> git status -z -u
> git symbolic-ref --short HEAD
> git rev-parse Srijan
> git rev-parse --symbolic-full-name Srijan@{u}
> git rev-list --left-right Srijan...refs/remotes/origin/Srijan
> git for-each-ref --sort -committerdate --format %(refname) %(objectname) %(*objectname)
> git remote --verbose
> git config --get commit.template
> git show --textconv :Files/Order/buy.php
> git ls-files --stage -- /home/prathamesh/www/WTL_Group_Activity/Files/Order/buy.php
> git log --format=%H%n%aN%n%aE%n%at%n%ct%n%P%n%B -z -n21 -- /home/prathamesh/www/WTL_Group_Activity/Files/account/update.php
> git show --textconv :Files/account/update.php
> git ls-files --stage -- /home/prathamesh/www/WTL_Group_Activity/Files/account/update.php
> git cat-file -s 013f2ca4d3bc2b4bda8f9adde26db108eaad5010
> git show --textconv :Files/Order/order_final.php
> git ls-files --stage -- /home/prathamesh/www/WTL_Group_Activity/Files/Order/order_final.php
> git cat-file -s 6f9104f08f329c10c122afa540c9adcc30203861
> git show --textconv :Files/Order/order.php
> git ls-files --stage -- /home/prathamesh/www/WTL_Group_Activity/Files/Order/order.php
> git cat-file -s 2ad37b20d2d9a682f3f98a1b875b9783bbe22d09
> git status -z -u
> git symbolic-ref --short HEAD
> git rev-parse Srijan
> git rev-parse --symbolic-full-name Srijan@{u}
> git rev-list --left-right Srijan...refs/remotes/origin/Srijan
> git for-each-ref --sort -committerdate --format %(refname) %(objectname) %(*objectname)
> git remote --verbose
> git config --get commit.template
> git show --textconv :Files/details/prod_detail.php
> git ls-files --stage -- /home/prathamesh/www/WTL_Group_Activity/Files/details/prod_detail.php
> git cat-file -s 1ad3e86fcb5167b3e92f53061044b28cd3ccf2c4
> git status -z -u
> git symbolic-ref --short HEAD
> git rev-parse Srijan
> git rev-parse --symbolic-full-name Srijan@{u}
> git rev-list --left-right Srijan...refs/remotes/origin/Srijan
> git for-each-ref --sort -committerdate --format %(refname) %(objectname) %(*objectname)
> git remote --verbose
> git config --get commit.template
> git show --textconv :Files/Order/order.php
> git ls-files --stage -- /home/prathamesh/www/WTL_Group_Activity/Files/Order/order.php
> git cat-file -s 2ad37b20d2d9a682f3f98a1b875b9783bbe22d09
> git status -z -u
> git symbolic-ref --short HEAD
> git rev-parse Srijan
> git rev-parse --symbolic-full-name Srijan@{u}
> git rev-list --left-right Srijan...refs/remotes/origin/Srijan
> git for-each-ref --sort -committerdate --format %(refname) %(objectname) %(*objectname)
> git remote --verbose
> git config --get commit.template
> git status -z -u
> git symbolic-ref --short HEAD
> git rev-parse Srijan
> git rev-parse --symbolic-full-name Srijan@{u}
> git rev-list --left-right Srijan...refs/remotes/origin/Srijan
> git for-each-ref --sort -committerdate --format %(refname) %(objectname) %(*objectname)
> git remote --verbose
> git config --get commit.template
> git show --textconv :Files/Order/cart.php
> git ls-files --stage -- /home/prathamesh/www/WTL_Group_Activity/Files/Order/cart.php
> git cat-file -s 94964241e07fb37825879244ccbfe3ffa7985038
> git show --textconv :Files/Order/buy.php
> git ls-files --stage -- /home/prathamesh/www/WTL_Group_Activity/Files/Order/buy.php
> git status -z -u
> git symbolic-ref --short HEAD
> git rev-parse Srijan
> git rev-parse --symbolic-full-name Srijan@{u}
> git rev-list --left-right Srijan...refs/remotes/origin/Srijan
> git for-each-ref --sort -committerdate --format %(refname) %(objectname) %(*objectname)
> git remote --verbose
> git config --get commit.template
> git status -z -u
> git symbolic-ref --short HEAD
> git rev-parse Srijan
> git rev-parse --symbolic-full-name Srijan@{u}
> git rev-list --left-right Srijan...refs/remotes/origin/Srijan
> git for-each-ref --sort -committerdate --format %(refname) %(objectname) %(*objectname)
> git remote --verbose
> git config --get commit.template
> git status -z -u
> git symbolic-ref --short HEAD
> git rev-parse Srijan
> git rev-parse --symbolic-full-name Srijan@{u}
> git rev-list --left-right Srijan...refs/remotes/origin/Srijan
> git for-each-ref --sort -committerdate --format %(refname) %(objectname) %(*objectname)
> git remote --verbose
> git config --get commit.template
> git status -z -u
> git symbolic-ref --short HEAD
> git rev-parse Srijan
> git rev-parse --symbolic-full-name Srijan@{u}
> git rev-list --left-right Srijan...refs/remotes/origin/Srijan
> git for-each-ref --sort -committerdate --format %(refname) %(objectname) %(*objectname)
> git remote --verbose
> git config --get commit.template
> git status -z -u
> git symbolic-ref --short HEAD
> git rev-parse Srijan
> git rev-parse --symbolic-full-name Srijan@{u}
> git rev-list --left-right Srijan...refs/remotes/origin/Srijan
> git for-each-ref --sort -committerdate --format %(refname) %(objectname) %(*objectname)
> git remote --verbose
> git config --get commit.template
> git status -z -u
> git symbolic-ref --short HEAD
> git rev-parse Srijan
> git rev-parse --symbolic-full-name Srijan@{u}
> git rev-list --left-right Srijan...refs/remotes/origin/Srijan
> git for-each-ref --sort -committerdate --format %(refname) %(objectname) %(*objectname)
> git remote --verbose
> git config --get commit.template
> git status -z -u
> git symbolic-ref --short HEAD
> git rev-parse Srijan
> git rev-parse --symbolic-full-name Srijan@{u}
> git rev-list --left-right Srijan...refs/remotes/origin/Srijan
> git for-each-ref --sort -committerdate --format %(refname) %(objectname) %(*objectname)
> git remote --verbose
> git config --get commit.template
> git status -z -u
> git symbolic-ref --short HEAD
> git rev-parse Srijan
> git rev-parse --symbolic-full-name Srijan@{u}
> git rev-list --left-right Srijan...refs/remotes/origin/Srijan
> git for-each-ref --sort -committerdate --format %(refname) %(objectname) %(*objectname)
> git remote --verbose
> git config --get commit.template
> git status -z -u
> git symbolic-ref --short HEAD
> git rev-parse Srijan
> git rev-parse --symbolic-full-name Srijan@{u}
> git rev-list --left-right Srijan...refs/remotes/origin/Srijan
> git for-each-ref --sort -committerdate --format %(refname) %(objectname) %(*objectname)
> git remote --verbose
> git config --get commit.template
> git log --format=%H%n%aN%n%aE%n%at%n%ct%n%P%n%B -z -n21 -- /home/prathamesh/www/WTL_Group_Activity/Files/Order/order.php
> git show --textconv :Files/Order/order.php
> git ls-files --stage -- /home/prathamesh/www/WTL_Group_Activity/Files/Order/order.php
> git cat-file -s 2ad37b20d2d9a682f3f98a1b875b9783bbe22d09
> git status -z -u
> git symbolic-ref --short HEAD
> git rev-parse Srijan
> git rev-parse --symbolic-full-name Srijan@{u}
> git rev-list --left-right Srijan...refs/remotes/origin/Srijan
> git for-each-ref --sort -committerdate --format %(refname) %(objectname) %(*objectname)
> git remote --verbose
> git config --get commit.template
> git status -z -u
> git symbolic-ref --short HEAD
> git rev-parse Srijan
> git rev-parse --symbolic-full-name Srijan@{u}
> git rev-list --left-right Srijan...refs/remotes/origin/Srijan
> git for-each-ref --sort -committerdate --format %(refname) %(objectname) %(*objectname)
> git remote --verbose
> git config --get commit.template
> git status -z -u
> git symbolic-ref --short HEAD
> git rev-parse Srijan
> git rev-parse --symbolic-full-name Srijan@{u}
> git rev-list --left-right Srijan...refs/remotes/origin/Srijan
> git for-each-ref --sort -committerdate --format %(refname) %(objectname) %(*objectname)
> git remote --verbose
> git config --get commit.template
> git status -z -u
> git symbolic-ref --short HEAD
> git rev-parse Srijan
> git rev-parse --symbolic-full-name Srijan@{u}
> git rev-list --left-right Srijan...refs/remotes/origin/Srijan
> git for-each-ref --sort -committerdate --format %(refname) %(objectname) %(*objectname)
> git remote --verbose
> git config --get commit.template
> git status -z -u
> git symbolic-ref --short HEAD
> git rev-parse Srijan
> git rev-parse --symbolic-full-name Srijan@{u}
> git rev-list --left-right Srijan...refs/remotes/origin/Srijan
> git for-each-ref --sort -committerdate --format %(refname) %(objectname) %(*objectname)
> git remote --verbose
> git config --get commit.template
> git status -z -u
> git symbolic-ref --short HEAD
> git rev-parse Srijan
> git rev-parse --symbolic-full-name Srijan@{u}
> git rev-list --left-right Srijan...refs/remotes/origin/Srijan
> git for-each-ref --sort -committerdate --format %(refname) %(objectname) %(*objectname)
> git remote --verbose
> git config --get commit.template
> git status -z -u
> git symbolic-ref --short HEAD
> git rev-parse Srijan
> git rev-parse --symbolic-full-name Srijan@{u}
> git rev-list --left-right Srijan...refs/remotes/origin/Srijan
> git for-each-ref --sort -committerdate --format %(refname) %(objectname) %(*objectname)
> git remote --verbose
> git config --get commit.template
> git status -z -u
> git symbolic-ref --short HEAD
> git rev-parse Srijan
> git rev-parse --symbolic-full-name Srijan@{u}
> git rev-list --left-right Srijan...refs/remotes/origin/Srijan
> git for-each-ref --sort -committerdate --format %(refname) %(objectname) %(*objectname)
> git remote --verbose
> git config --get commit.template
> git status -z -u
> git symbolic-ref --short HEAD
> git rev-parse Srijan
> git rev-parse --symbolic-full-name Srijan@{u}
> git rev-list --left-right Srijan...refs/remotes/origin/Srijan
> git for-each-ref --sort -committerdate --format %(refname) %(objectname) %(*objectname)
> git remote --verbose
> git config --get commit.template
> git status -z -u
> git symbolic-ref --short HEAD
> git rev-parse Srijan
> git rev-parse --symbolic-full-name Srijan@{u}
> git rev-list --left-right Srijan...refs/remotes/origin/Srijan
> git for-each-ref --sort -committerdate --format %(refname) %(objectname) %(*objectname)
> git remote --verbose
> git config --get commit.template
> git show --textconv :Files/account/update.php
> git ls-files --stage -- /home/prathamesh/www/WTL_Group_Activity/Files/account/update.php
> git cat-file -s 013f2ca4d3bc2b4bda8f9adde26db108eaad5010
> git show --textconv :Files/Order/cart.php
> git ls-files --stage -- /home/prathamesh/www/WTL_Group_Activity/Files/Order/cart.php
> git cat-file -s 94964241e07fb37825879244ccbfe3ffa7985038
> git show --textconv :Files/details/prod_detail.php
> git ls-files --stage -- /home/prathamesh/www/WTL_Group_Activity/Files/details/prod_detail.php
> git cat-file -s 1ad3e86fcb5167b3e92f53061044b28cd3ccf2c4
> git show --textconv :Files/account/edit.js
> git ls-files --stage -- /home/prathamesh/www/WTL_Group_Activity/Files/account/edit.js
> git cat-file -s 5bc49109b25ef8b8bf7b4c0e4d9eb6b2dfa0f0ad
> git show --textconv :Files/account/profile.php
> git ls-files --stage -- /home/prathamesh/www/WTL_Group_Activity/Files/account/profile.php
> git cat-file -s 0f7b8f01ebd8327fdf5b72c184d2347c2a61d76a
> git status -z -u
> git symbolic-ref --short HEAD
> git rev-parse Srijan
> git rev-parse --symbolic-full-name Srijan@{u}
> git rev-list --left-right Srijan...refs/remotes/origin/Srijan
> git for-each-ref --sort -committerdate --format %(refname) %(objectname) %(*objectname)
> git remote --verbose
> git config --get commit.template
> git status -z -u
> git symbolic-ref --short HEAD
> git rev-parse Srijan
> git rev-parse --symbolic-full-name Srijan@{u}
> git rev-list --left-right Srijan...refs/remotes/origin/Srijan
> git for-each-ref --sort -committerdate --format %(refname) %(objectname) %(*objectname)
> git remote --verbose
> git config --get commit.template
> git status -z -u
> git symbolic-ref --short HEAD
> git rev-parse Srijan
> git rev-parse --symbolic-full-name Srijan@{u}
> git rev-list --left-right Srijan...refs/remotes/origin/Srijan
> git for-each-ref --sort -committerdate --format %(refname) %(objectname) %(*objectname)
> git remote --verbose
> git config --get commit.template
> git status -z -u
> git symbolic-ref --short HEAD
> git rev-parse Srijan
> git rev-parse --symbolic-full-name Srijan@{u}
> git rev-list --left-right Srijan...refs/remotes/origin/Srijan
> git for-each-ref --sort -committerdate --format %(refname) %(objectname) %(*objectname)
> git remote --verbose
> git config --get commit.template
> git status -z -u
> git symbolic-ref --short HEAD
> git rev-parse Srijan
> git rev-parse --symbolic-full-name Srijan@{u}
> git rev-list --left-right Srijan...refs/remotes/origin/Srijan
> git for-each-ref --sort -committerdate --format %(refname) %(objectname) %(*objectname)
> git remote --verbose
> git config --get commit.template
> git status -z -u
> git symbolic-ref --short HEAD
> git rev-parse Srijan
> git rev-parse --symbolic-full-name Srijan@{u}
> git rev-list --left-right Srijan...refs/remotes/origin/Srijan
> git for-each-ref --sort -committerdate --format %(refname) %(objectname) %(*objectname)
> git remote --verbose
> git config --get commit.template
> git status -z -u
> git symbolic-ref --short HEAD
> git rev-parse Srijan
> git rev-parse --symbolic-full-name Srijan@{u}
> git rev-list --left-right Srijan...refs/remotes/origin/Srijan
> git for-each-ref --sort -committerdate --format %(refname) %(objectname) %(*objectname)
> git remote --verbose
> git config --get commit.template
> git status -z -u
> git symbolic-ref --short HEAD
> git rev-parse Srijan
> git rev-parse --symbolic-full-name Srijan@{u}
> git rev-list --left-right Srijan...refs/remotes/origin/Srijan
> git for-each-ref --sort -committerdate --format %(refname) %(objectname) %(*objectname)
> git remote --verbose
> git config --get commit.template
> git status -z -u
> git symbolic-ref --short HEAD
> git rev-parse Srijan
> git rev-parse --symbolic-full-name Srijan@{u}
> git rev-list --left-right Srijan...refs/remotes/origin/Srijan
> git for-each-ref --sort -committerdate --format %(refname) %(objectname) %(*objectname)
> git remote --verbose
> git config --get commit.template
> git status -z -u
> git symbolic-ref --short HEAD
> git ls-files --stage -- /home/prathamesh/www/WTL_Group_Activity/Files/Order/buy.php
> git ls-files --stage -- /home/prathamesh/www/WTL_Group_Activity/Files/account/profile.php
> git rev-parse Srijan
> git cat-file -s 0f7b8f01ebd8327fdf5b72c184d2347c2a61d76a
> git show --textconv :Files/Order/buy.php
> git rev-parse --symbolic-full-name Srijan@{u}
> git rev-list --left-right Srijan...refs/remotes/origin/Srijan
> git show --textconv :Files/account/profile.php
> git for-each-ref --sort -committerdate --format %(refname) %(objectname) %(*objectname)
> git remote --verbose
> git config --get commit.template
> git status -z -u
> git symbolic-ref --short HEAD
> git ls-files --stage -- /home/prathamesh/www/WTL_Group_Activity/Files/Order/buy.php
> git ls-files --stage -- /home/prathamesh/www/WTL_Group_Activity/Files/account/profile.php
> git rev-parse Srijan
> git cat-file -s 404120a7a837672d7ab08e987d707f422db2331a
> git show --textconv :Files/Order/buy.php
> git rev-parse --symbolic-full-name Srijan@{u}
> git rev-list --left-right Srijan...refs/remotes/origin/Srijan
> git show --textconv :Files/account/profile.php
> git for-each-ref --sort -committerdate --format %(refname) %(objectname) %(*objectname)
> git remote --verbose
> git config --get commit.template
> git status -z -u
> git symbolic-ref --short HEAD
> git rev-parse Srijan
> git rev-parse --symbolic-full-name Srijan@{u}
> git rev-list --left-right Srijan...refs/remotes/origin/Srijan
> git for-each-ref --sort -committerdate --format %(refname) %(objectname) %(*objectname)
> git remote --verbose
> git config --get commit.template
> git show --textconv :Files/Order/order_final.php
> git ls-files --stage -- /home/prathamesh/www/WTL_Group_Activity/Files/Order/order_final.php
> git cat-file -s 6f9104f08f329c10c122afa540c9adcc30203861
> git show --textconv :Files/Order/order.php
> git ls-files --stage -- /home/prathamesh/www/WTL_Group_Activity/Files/Order/order.php
> git cat-file -s a0f6e098ecf87e1a31b2a30f3377f48d53a8e559
> git status -z -u
> git symbolic-ref --short HEAD
> git rev-parse Srijan
> git rev-parse --symbolic-full-name Srijan@{u}
> git rev-list --left-right Srijan...refs/remotes/origin/Srijan
> git for-each-ref --sort -committerdate --format %(refname) %(objectname) %(*objectname)
> git remote --verbose
> git config --get commit.template
> git status -z -u
> git symbolic-ref --short HEAD
> git rev-parse Srijan
> git rev-parse --symbolic-full-name Srijan@{u}
> git rev-list --left-right Srijan...refs/remotes/origin/Srijan
> git for-each-ref --sort -committerdate --format %(refname) %(objectname) %(*objectname)
> git remote --verbose
> git config --get commit.template
> git status -z -u
> git symbolic-ref --short HEAD
> git rev-parse Srijan
> git rev-parse --symbolic-full-name Srijan@{u}
> git rev-list --left-right Srijan...refs/remotes/origin/Srijan
> git for-each-ref --sort -committerdate --format %(refname) %(objectname) %(*objectname)
> git remote --verbose
> git config --get commit.template
> git status -z -u
> git symbolic-ref --short HEAD
> git rev-parse Srijan
> git rev-parse --symbolic-full-name Srijan@{u}
> git rev-list --left-right Srijan...refs/remotes/origin/Srijan
> git for-each-ref --sort -committerdate --format %(refname) %(objectname) %(*objectname)
> git remote --verbose
> git config --get commit.template
> git show --textconv :Files/Order/buy.php
> git ls-files --stage -- /home/prathamesh/www/WTL_Group_Activity/Files/Order/buy.php
> git status -z -u
> git symbolic-ref --short HEAD
> git rev-parse Srijan
> git rev-parse --symbolic-full-name Srijan@{u}
> git rev-list --left-right Srijan...refs/remotes/origin/Srijan
> git for-each-ref --sort -committerdate --format %(refname) %(objectname) %(*objectname)
> git remote --verbose
> git config --get commit.template
> git show --textconv :Files/Order/order.php
> git ls-files --stage -- /home/prathamesh/www/WTL_Group_Activity/Files/Order/order.php
> git cat-file -s a0f6e098ecf87e1a31b2a30f3377f48d53a8e559
> git show --textconv :Files/Order/buy.php
> git ls-files --stage -- /home/prathamesh/www/WTL_Group_Activity/Files/Order/buy.php
> git status -z -u
> git symbolic-ref --short HEAD
> git rev-parse Srijan
> git rev-parse --symbolic-full-name Srijan@{u}
> git rev-list --left-right Srijan...refs/remotes/origin/Srijan
> git for-each-ref --sort -committerdate --format %(refname) %(objectname) %(*objectname)
> git remote --verbose
> git config --get commit.template
> git show --textconv :Files/details/prod_detail.php
> git ls-files --stage -- /home/prathamesh/www/WTL_Group_Activity/Files/details/prod_detail.php
> git cat-file -s cdde587dcda6cad7ba384925a1e581e97e3e8c9a
> git show --textconv :Files/details/prod_detail.css
> git ls-files --stage -- /home/prathamesh/www/WTL_Group_Activity/Files/details/prod_detail.css
> git cat-file -s 1a24cb975af32bae543b6b1ca055001e21707f44
> git status -z -u
> git symbolic-ref --short HEAD
> git rev-parse Srijan
> git rev-parse --symbolic-full-name Srijan@{u}
> git rev-list --left-right Srijan...refs/remotes/origin/Srijan
> git for-each-ref --sort -committerdate --format %(refname) %(objectname) %(*objectname)
> git remote --verbose
> git config --get commit.template
> git show --textconv :Files/details/prod_detail.php
> git ls-files --stage -- /home/prathamesh/www/WTL_Group_Activity/Files/details/prod_detail.php
> git cat-file -s cdde587dcda6cad7ba384925a1e581e97e3e8c9a
> git status -z -u
> git symbolic-ref --short HEAD
> git rev-parse Srijan
> git rev-parse --symbolic-full-name Srijan@{u}
> git rev-list --left-right Srijan...refs/remotes/origin/Srijan
> git for-each-ref --sort -committerdate --format %(refname) %(objectname) %(*objectname)
> git remote --verbose
> git config --get commit.template
> git show --textconv :Files/details/prod_detail.css
> git ls-files --stage -- /home/prathamesh/www/WTL_Group_Activity/Files/details/prod_detail.css
> git cat-file -s 1a24cb975af32bae543b6b1ca055001e21707f44
> git show --textconv :Files/details/prod_detail.php
> git ls-files --stage -- /home/prathamesh/www/WTL_Group_Activity/Files/details/prod_detail.php
> git cat-file -s cdde587dcda6cad7ba384925a1e581e97e3e8c9a
> git show --textconv :Files/details/prod_detail.css
> git ls-files --stage -- /home/prathamesh/www/WTL_Group_Activity/Files/details/prod_detail.css
> git cat-file -s 1a24cb975af32bae543b6b1ca055001e21707f44
> git status -z -u
> git symbolic-ref --short HEAD
> git rev-parse Srijan
> git rev-parse --symbolic-full-name Srijan@{u}
> git rev-list --left-right Srijan...refs/remotes/origin/Srijan
> git for-each-ref --sort -committerdate --format %(refname) %(objectname) %(*objectname)
> git remote --verbose
> git config --get commit.template
> git status -z -u
> git symbolic-ref --short HEAD
> git rev-parse Srijan
> git rev-parse --symbolic-full-name Srijan@{u}
> git rev-list --left-right Srijan...refs/remotes/origin/Srijan
> git for-each-ref --sort -committerdate --format %(refname) %(objectname) %(*objectname)
> git remote --verbose
> git config --get commit.template
> git status -z -u
> git symbolic-ref --short HEAD
> git rev-parse Srijan
> git rev-parse --symbolic-full-name Srijan@{u}
> git rev-list --left-right Srijan...refs/remotes/origin/Srijan
> git for-each-ref --sort -committerdate --format %(refname) %(objectname) %(*objectname)
> git remote --verbose
> git config --get commit.template
> git status -z -u
> git symbolic-ref --short HEAD
> git rev-parse Srijan
> git rev-parse --symbolic-full-name Srijan@{u}
> git rev-list --left-right Srijan...refs/remotes/origin/Srijan
> git for-each-ref --sort -committerdate --format %(refname) %(objectname) %(*objectname)
> git remote --verbose
> git config --get commit.template
> git status -z -u
> git symbolic-ref --short HEAD
> git rev-parse Srijan
> git rev-parse --symbolic-full-name Srijan@{u}
> git rev-list --left-right Srijan...refs/remotes/origin/Srijan
> git for-each-ref --sort -committerdate --format %(refname) %(objectname) %(*objectname)
> git remote --verbose
> git config --get commit.template
> git status -z -u
> git symbolic-ref --short HEAD
> git rev-parse Srijan
> git rev-parse --symbolic-full-name Srijan@{u}
> git rev-list --left-right Srijan...refs/remotes/origin/Srijan
> git for-each-ref --sort -committerdate --format %(refname) %(objectname) %(*objectname)
> git remote --verbose
> git config --get commit.template
> git status -z -u
> git symbolic-ref --short HEAD
> git rev-parse Srijan
> git rev-parse --symbolic-full-name Srijan@{u}
> git rev-list --left-right Srijan...refs/remotes/origin/Srijan
> git for-each-ref --sort -committerdate --format %(refname) %(objectname) %(*objectname)
> git remote --verbose
> git config --get commit.template
> git status -z -u
> git symbolic-ref --short HEAD
> git rev-parse Srijan
> git rev-parse --symbolic-full-name Srijan@{u}
> git rev-list --left-right Srijan...refs/remotes/origin/Srijan
> git for-each-ref --sort -committerdate --format %(refname) %(objectname) %(*objectname)
> git remote --verbose
> git config --get commit.template
> git show --textconv :Files/details/prod_detail.php
> git ls-files --stage -- /home/prathamesh/www/WTL_Group_Activity/Files/details/prod_detail.php
> git cat-file -s cdde587dcda6cad7ba384925a1e581e97e3e8c9a
> git status -z -u
> git symbolic-ref --short HEAD
> git rev-parse Srijan
> git rev-parse --symbolic-full-name Srijan@{u}
> git rev-list --left-right Srijan...refs/remotes/origin/Srijan
> git for-each-ref --sort -committerdate --format %(refname) %(objectname) %(*objectname)
> git remote --verbose
> git config --get commit.template
> git show --textconv :Files/details/prod_detail.css
> git ls-files --stage -- /home/prathamesh/www/WTL_Group_Activity/Files/details/prod_detail.css
> git cat-file -s 1a24cb975af32bae543b6b1ca055001e21707f44
> git status -z -u
> git symbolic-ref --short HEAD
> git rev-parse Srijan
> git rev-parse --symbolic-full-name Srijan@{u}
> git rev-list --left-right Srijan...refs/remotes/origin/Srijan
> git for-each-ref --sort -committerdate --format %(refname) %(objectname) %(*objectname)
> git remote --verbose
> git config --get commit.template
> git status -z -u
> git symbolic-ref --short HEAD
> git rev-parse Srijan
> git rev-parse --symbolic-full-name Srijan@{u}
> git rev-list --left-right Srijan...refs/remotes/origin/Srijan
> git for-each-ref --sort -committerdate --format %(refname) %(objectname) %(*objectname)
> git remote --verbose
> git config --get commit.template
> git status -z -u
> git symbolic-ref --short HEAD
> git ls-files --stage -- /home/prathamesh/www/WTL_Group_Activity/Files/account/profile.php
> git ls-files --stage -- /home/prathamesh/www/WTL_Group_Activity/Files/details/prod_detail.css
> git cat-file -s 404120a7a837672d7ab08e987d707f422db2331a
> git rev-parse Srijan
> git cat-file -s 5d5480285f2c23f52ccb92f65645a5238cd21f84
> git rev-parse --symbolic-full-name Srijan@{u}
> git show --textconv :Files/account/profile.php
> git rev-list --left-right Srijan...refs/remotes/origin/Srijan
> git show --textconv :Files/details/prod_detail.css
> git for-each-ref --sort -committerdate --format %(refname) %(objectname) %(*objectname)
> git remote --verbose
> git config --get commit.template
> git status -z -u
> git symbolic-ref --short HEAD
> git rev-parse Srijan
> git rev-parse --symbolic-full-name Srijan@{u}
> git rev-list --left-right Srijan...refs/remotes/origin/Srijan
> git for-each-ref --sort -committerdate --format %(refname) %(objectname) %(*objectname)
> git remote --verbose
> git config --get commit.template
> git show --textconv :Files/Order/order.php
> git ls-files --stage -- /home/prathamesh/www/WTL_Group_Activity/Files/Order/order.php
> git cat-file -s 44ffaca357d20d9d9d9755c2e940ab33d1d7bf70
> git status -z -u
> git symbolic-ref --short HEAD
> git ls-files --stage -- /home/prathamesh/www/WTL_Group_Activity/Files/account/profile.php
> git ls-files --stage -- /home/prathamesh/www/WTL_Group_Activity/Files/Order/order.php
> git cat-file -s 44ffaca357d20d9d9d9755c2e940ab33d1d7bf70
> git cat-file -s 404120a7a837672d7ab08e987d707f422db2331a
> git rev-parse Srijan
> git rev-parse --symbolic-full-name Srijan@{u}
> git show --textconv :Files/account/profile.php
> git show --textconv :Files/Order/order.php
> git rev-list --left-right Srijan...refs/remotes/origin/Srijan
> git for-each-ref --sort -committerdate --format %(refname) %(objectname) %(*objectname)
> git remote --verbose
> git config --get commit.template
> git status -z -u
> git symbolic-ref --short HEAD
> git rev-parse Srijan
> git rev-parse --symbolic-full-name Srijan@{u}
> git rev-list --left-right Srijan...refs/remotes/origin/Srijan
> git for-each-ref --sort -committerdate --format %(refname) %(objectname) %(*objectname)
> git remote --verbose
> git config --get commit.template
> git show --textconv :Files/Authentication/authenticate.php
> git ls-files --stage -- /home/prathamesh/www/WTL_Group_Activity/Files/Authentication/authenticate.php
> git cat-file -s 99f6d0bac4bbd2f8c0955f467b7899a63ffd694d
> git check-ignore -v -z --stdin
> git show --textconv :Files/SignUpPage/newfile.php
> git ls-files --stage -- /home/prathamesh/www/WTL_Group_Activity/Files/SignUpPage/newfile.php
> git cat-file -s 4e7f7b38aa4d8e9bb570ba6bab4c192780f0cb98
> git show --textconv :Files/SignUpPage/connect.php
> git ls-files --stage -- /home/prathamesh/www/WTL_Group_Activity/Files/SignUpPage/connect.php
> git cat-file -s 03251ce0c0225add0700fbeb17255c917a45ecc7
> git status -z -u
> git symbolic-ref --short HEAD
> git rev-parse Srijan
> git rev-parse --symbolic-full-name Srijan@{u}
> git rev-list --left-right Srijan...refs/remotes/origin/Srijan
> git for-each-ref --sort -committerdate --format %(refname) %(objectname) %(*objectname)
> git remote --verbose
> git config --get commit.template
> git status -z -u
> git symbolic-ref --short HEAD
> git rev-parse Srijan
> git rev-parse --symbolic-full-name Srijan@{u}
> git rev-list --left-right Srijan...refs/remotes/origin/Srijan
> git for-each-ref --sort -committerdate --format %(refname) %(objectname) %(*objectname)
> git remote --verbose
> git config --get commit.template
> git status -z -u
> git symbolic-ref --short HEAD
> git rev-parse Srijan
> git rev-parse --symbolic-full-name Srijan@{u}
> git rev-list --left-right Srijan...refs/remotes/origin/Srijan
> git for-each-ref --sort -committerdate --format %(refname) %(objectname) %(*objectname)
> git remote --verbose
> git config --get commit.template
> git show --textconv :Files/Order/buy.php
> git ls-files --stage -- /home/prathamesh/www/WTL_Group_Activity/Files/Order/buy.php
> git cat-file -s 972e8a21e86da2e42f260f22e8fc17a079d62311
> git show --textconv :Files/SignUpPage/connect.php
> git ls-files --stage -- /home/prathamesh/www/WTL_Group_Activity/Files/SignUpPage/connect.php
> git cat-file -s 03251ce0c0225add0700fbeb17255c917a45ecc7
> git status -z -u
> git symbolic-ref --short HEAD
> git rev-parse Srijan
> git rev-parse --symbolic-full-name Srijan@{u}
> git rev-list --left-right Srijan...refs/remotes/origin/Srijan
> git for-each-ref --sort -committerdate --format %(refname) %(objectname) %(*objectname)
> git remote --verbose
> git config --get commit.template
> git status -z -u
> git symbolic-ref --short HEAD
> git rev-parse Srijan
> git rev-parse --symbolic-full-name Srijan@{u}
> git rev-list --left-right Srijan...refs/remotes/origin/Srijan
> git for-each-ref --sort -committerdate --format %(refname) %(objectname) %(*objectname)
> git remote --verbose
> git config --get commit.template
> git show --textconv :Files/details/prod_detail.php
> git ls-files --stage -- /home/prathamesh/www/WTL_Group_Activity/Files/details/prod_detail.php
> git cat-file -s dcae2e61be8d31970de9786dacb32c8c3a381b86
> git status -z -u
> git symbolic-ref --short HEAD
> git rev-parse Srijan
> git rev-parse --symbolic-full-name Srijan@{u}
> git rev-list --left-right Srijan...refs/remotes/origin/Srijan
> git for-each-ref --sort -committerdate --format %(refname) %(objectname) %(*objectname)
> git remote --verbose
> git config --get commit.template
> git show --textconv :Files/SignUpPage/confirmpassword.js
> git ls-files --stage -- /home/prathamesh/www/WTL_Group_Activity/Files/SignUpPage/confirmpassword.js
> git cat-file -s 9073b1c03b7a23ab4f28fa845ef36641279bd83e
> git show --textconv :Files/SignUpPage/connect.php
> git ls-files --stage -- /home/prathamesh/www/WTL_Group_Activity/Files/SignUpPage/connect.php
> git cat-file -s 03251ce0c0225add0700fbeb17255c917a45ecc7
